{"/Users/arielorellana/Documents/Mobile-Fitness-Tracker-App/backend/controllers/auth.controller.js": {"path":"/Users/arielorellana/Documents/Mobile-Fitness-Tracker-App/backend/controllers/auth.controller.js","statementMap":{"0":{"start":{"line":7,"column":22},"end":{"line":17,"column":1}},"1":{"start":{"line":8,"column":42},"end":{"line":8,"column":50}},"2":{"start":{"line":9,"column":27},"end":{"line":9,"column":58}},"3":{"start":{"line":10,"column":20},"end":{"line":10,"column":75}},"4":{"start":{"line":11,"column":4},"end":{"line":16,"column":5}},"5":{"start":{"line":12,"column":8},"end":{"line":12,"column":29}},"6":{"start":{"line":13,"column":8},"end":{"line":13,"column":59}},"7":{"start":{"line":15,"column":8},"end":{"line":15,"column":20}},"8":{"start":{"line":20,"column":22},"end":{"line":41,"column":1}},"9":{"start":{"line":21,"column":32},"end":{"line":21,"column":40}},"10":{"start":{"line":22,"column":4},"end":{"line":40,"column":5}},"11":{"start":{"line":23,"column":26},"end":{"line":23,"column":55}},"12":{"start":{"line":24,"column":8},"end":{"line":24,"column":74}},"13":{"start":{"line":24,"column":24},"end":{"line":24,"column":74}},"14":{"start":{"line":26,"column":30},"end":{"line":26,"column":80}},"15":{"start":{"line":27,"column":8},"end":{"line":27,"column":81}},"16":{"start":{"line":27,"column":28},"end":{"line":27,"column":81}},"17":{"start":{"line":29,"column":22},"end":{"line":29,"column":77}},"18":{"start":{"line":30,"column":44},"end":{"line":30,"column":58}},"19":{"start":{"line":32,"column":8},"end":{"line":37,"column":15}},"20":{"start":{"line":39,"column":8},"end":{"line":39,"column":20}},"21":{"start":{"line":44,"column":23},"end":{"line":51,"column":1}},"22":{"start":{"line":45,"column":4},"end":{"line":50,"column":5}},"23":{"start":{"line":46,"column":8},"end":{"line":46,"column":40}},"24":{"start":{"line":47,"column":8},"end":{"line":47,"column":57}},"25":{"start":{"line":49,"column":8},"end":{"line":49,"column":19}}},"fnMap":{"0":{"name":"(anonymous_0)","decl":{"start":{"line":7,"column":22},"end":{"line":7,"column":23}},"loc":{"start":{"line":7,"column":48},"end":{"line":17,"column":1}},"line":7},"1":{"name":"(anonymous_1)","decl":{"start":{"line":20,"column":22},"end":{"line":20,"column":23}},"loc":{"start":{"line":20,"column":48},"end":{"line":41,"column":1}},"line":20},"2":{"name":"(anonymous_2)","decl":{"start":{"line":44,"column":23},"end":{"line":44,"column":24}},"loc":{"start":{"line":44,"column":49},"end":{"line":51,"column":1}},"line":44}},"branchMap":{"0":{"loc":{"start":{"line":24,"column":8},"end":{"line":24,"column":74}},"type":"if","locations":[{"start":{"line":24,"column":8},"end":{"line":24,"column":74}},{"start":{},"end":{}}],"line":24},"1":{"loc":{"start":{"line":27,"column":8},"end":{"line":27,"column":81}},"type":"if","locations":[{"start":{"line":27,"column":8},"end":{"line":27,"column":81}},{"start":{},"end":{}}],"line":27}},"s":{"0":0,"1":0,"2":0,"3":0,"4":0,"5":0,"6":0,"7":0,"8":0,"9":0,"10":0,"11":0,"12":0,"13":0,"14":0,"15":0,"16":0,"17":0,"18":0,"19":0,"20":0,"21":0,"22":0,"23":0,"24":0,"25":0},"f":{"0":0,"1":0,"2":0},"b":{"0":[0,0],"1":[0,0]},"inputSourceMap":null}
,"/Users/arielorellana/Documents/Mobile-Fitness-Tracker-App/backend/controllers/user.controller.js": {"path":"/Users/arielorellana/Documents/Mobile-Fitness-Tracker-App/backend/controllers/user.controller.js","statementMap":{"0":{"start":{"line":4,"column":20},"end":{"line":8,"column":1}},"1":{"start":{"line":5,"column":4},"end":{"line":7,"column":7}},"2":{"start":{"line":11,"column":26},"end":{"line":20,"column":1}},"3":{"start":{"line":12,"column":4},"end":{"line":12,"column":99}},"4":{"start":{"line":12,"column":37},"end":{"line":12,"column":99}},"5":{"start":{"line":13,"column":4},"end":{"line":19,"column":5}},"6":{"start":{"line":14,"column":8},"end":{"line":14,"column":52}},"7":{"start":{"line":15,"column":8},"end":{"line":15,"column":40}},"8":{"start":{"line":16,"column":8},"end":{"line":16,"column":54}},"9":{"start":{"line":18,"column":8},"end":{"line":18,"column":19}},"10":{"start":{"line":23,"column":23},"end":{"line":35,"column":1}},"11":{"start":{"line":24,"column":4},"end":{"line":34,"column":5}},"12":{"start":{"line":25,"column":21},"end":{"line":25,"column":55}},"13":{"start":{"line":27,"column":8},"end":{"line":27,"column":69}},"14":{"start":{"line":27,"column":19},"end":{"line":27,"column":69}},"15":{"start":{"line":29,"column":44},"end":{"line":29,"column":53}},"16":{"start":{"line":31,"column":8},"end":{"line":31,"column":35}},"17":{"start":{"line":33,"column":8},"end":{"line":33,"column":19}},"18":{"start":{"line":38,"column":26},"end":{"line":55,"column":1}},"19":{"start":{"line":39,"column":4},"end":{"line":39,"column":110}},"20":{"start":{"line":39,"column":39},"end":{"line":39,"column":110}},"21":{"start":{"line":40,"column":4},"end":{"line":54,"column":5}},"22":{"start":{"line":42,"column":24},"end":{"line":42,"column":26}},"23":{"start":{"line":43,"column":8},"end":{"line":43,"column":91}},"24":{"start":{"line":43,"column":48},"end":{"line":43,"column":91}},"25":{"start":{"line":44,"column":8},"end":{"line":44,"column":82}},"26":{"start":{"line":44,"column":45},"end":{"line":44,"column":82}},"27":{"start":{"line":45,"column":8},"end":{"line":45,"column":76}},"28":{"start":{"line":45,"column":43},"end":{"line":45,"column":76}},"29":{"start":{"line":47,"column":24},"end":{"line":47,"column":101}},"30":{"start":{"line":48,"column":8},"end":{"line":48,"column":71}},"31":{"start":{"line":48,"column":22},"end":{"line":48,"column":71}},"32":{"start":{"line":50,"column":44},"end":{"line":50,"column":56}},"33":{"start":{"line":51,"column":8},"end":{"line":51,"column":35}},"34":{"start":{"line":53,"column":8},"end":{"line":53,"column":20}}},"fnMap":{"0":{"name":"(anonymous_0)","decl":{"start":{"line":4,"column":20},"end":{"line":4,"column":21}},"loc":{"start":{"line":4,"column":34},"end":{"line":8,"column":1}},"line":4},"1":{"name":"(anonymous_1)","decl":{"start":{"line":11,"column":26},"end":{"line":11,"column":27}},"loc":{"start":{"line":11,"column":52},"end":{"line":20,"column":1}},"line":11},"2":{"name":"(anonymous_2)","decl":{"start":{"line":23,"column":23},"end":{"line":23,"column":24}},"loc":{"start":{"line":23,"column":49},"end":{"line":35,"column":1}},"line":23},"3":{"name":"(anonymous_3)","decl":{"start":{"line":38,"column":26},"end":{"line":38,"column":27}},"loc":{"start":{"line":38,"column":52},"end":{"line":55,"column":1}},"line":38}},"branchMap":{"0":{"loc":{"start":{"line":12,"column":4},"end":{"line":12,"column":99}},"type":"if","locations":[{"start":{"line":12,"column":4},"end":{"line":12,"column":99}},{"start":{},"end":{}}],"line":12},"1":{"loc":{"start":{"line":27,"column":8},"end":{"line":27,"column":69}},"type":"if","locations":[{"start":{"line":27,"column":8},"end":{"line":27,"column":69}},{"start":{},"end":{}}],"line":27},"2":{"loc":{"start":{"line":39,"column":4},"end":{"line":39,"column":110}},"type":"if","locations":[{"start":{"line":39,"column":4},"end":{"line":39,"column":110}},{"start":{},"end":{}}],"line":39},"3":{"loc":{"start":{"line":43,"column":8},"end":{"line":43,"column":91}},"type":"if","locations":[{"start":{"line":43,"column":8},"end":{"line":43,"column":91}},{"start":{},"end":{}}],"line":43},"4":{"loc":{"start":{"line":44,"column":8},"end":{"line":44,"column":82}},"type":"if","locations":[{"start":{"line":44,"column":8},"end":{"line":44,"column":82}},{"start":{},"end":{}}],"line":44},"5":{"loc":{"start":{"line":45,"column":8},"end":{"line":45,"column":76}},"type":"if","locations":[{"start":{"line":45,"column":8},"end":{"line":45,"column":76}},{"start":{},"end":{}}],"line":45},"6":{"loc":{"start":{"line":48,"column":8},"end":{"line":48,"column":71}},"type":"if","locations":[{"start":{"line":48,"column":8},"end":{"line":48,"column":71}},{"start":{},"end":{}}],"line":48}},"s":{"0":0,"1":0,"2":0,"3":0,"4":0,"5":0,"6":0,"7":0,"8":0,"9":0,"10":0,"11":0,"12":0,"13":0,"14":0,"15":0,"16":0,"17":0,"18":0,"19":0,"20":0,"21":0,"22":0,"23":0,"24":0,"25":0,"26":0,"27":0,"28":0,"29":0,"30":0,"31":0,"32":0,"33":0,"34":0},"f":{"0":0,"1":0,"2":0,"3":0},"b":{"0":[0,0],"1":[0,0],"2":[0,0],"3":[0,0],"4":[0,0],"5":[0,0],"6":[0,0]},"inputSourceMap":null}
,"/Users/arielorellana/Documents/Mobile-Fitness-Tracker-App/backend/controllers/workout.controller.js": {"path":"/Users/arielorellana/Documents/Mobile-Fitness-Tracker-App/backend/controllers/workout.controller.js","statementMap":{"0":{"start":{"line":5,"column":26},"end":{"line":36,"column":1}},"1":{"start":{"line":7,"column":4},"end":{"line":7,"column":13}},"2":{"start":{"line":8,"column":17},"end":{"line":8,"column":44}},"3":{"start":{"line":10,"column":2},"end":{"line":10,"column":31}},"4":{"start":{"line":10,"column":12},"end":{"line":10,"column":31}},"5":{"start":{"line":11,"column":2},"end":{"line":11,"column":46}},"6":{"start":{"line":11,"column":17},"end":{"line":11,"column":46}},"7":{"start":{"line":13,"column":2},"end":{"line":17,"column":3}},"8":{"start":{"line":14,"column":4},"end":{"line":14,"column":25}},"9":{"start":{"line":15,"column":4},"end":{"line":15,"column":64}},"10":{"start":{"line":15,"column":21},"end":{"line":15,"column":64}},"11":{"start":{"line":16,"column":4},"end":{"line":16,"column":64}},"12":{"start":{"line":16,"column":21},"end":{"line":16,"column":64}},"13":{"start":{"line":19,"column":2},"end":{"line":23,"column":3}},"14":{"start":{"line":20,"column":4},"end":{"line":20,"column":21}},"15":{"start":{"line":21,"column":4},"end":{"line":21,"column":58}},"16":{"start":{"line":21,"column":19},"end":{"line":21,"column":58}},"17":{"start":{"line":22,"column":4},"end":{"line":22,"column":54}},"18":{"start":{"line":22,"column":17},"end":{"line":22,"column":54}},"19":{"start":{"line":25,"column":2},"end":{"line":34,"column":3}},"20":{"start":{"line":27,"column":18},"end":{"line":27,"column":36}},"21":{"start":{"line":28,"column":4},"end":{"line":33,"column":6}},"22":{"start":{"line":35,"column":2},"end":{"line":35,"column":16}},"23":{"start":{"line":39,"column":29},"end":{"line":53,"column":1}},"24":{"start":{"line":40,"column":2},"end":{"line":52,"column":3}},"25":{"start":{"line":41,"column":19},"end":{"line":41,"column":48}},"26":{"start":{"line":42,"column":4},"end":{"line":42,"column":64}},"27":{"start":{"line":42,"column":17},"end":{"line":42,"column":64}},"28":{"start":{"line":44,"column":23},"end":{"line":47,"column":6}},"29":{"start":{"line":48,"column":25},"end":{"line":48,"column":48}},"30":{"start":{"line":49,"column":4},"end":{"line":49,"column":39}},"31":{"start":{"line":51,"column":4},"end":{"line":51,"column":16}},"32":{"start":{"line":56,"column":27},"end":{"line":82,"column":1}},"33":{"start":{"line":57,"column":2},"end":{"line":81,"column":3}},"34":{"start":{"line":58,"column":19},"end":{"line":58,"column":48}},"35":{"start":{"line":59,"column":4},"end":{"line":59,"column":64}},"36":{"start":{"line":59,"column":17},"end":{"line":59,"column":64}},"37":{"start":{"line":61,"column":18},"end":{"line":61,"column":48}},"38":{"start":{"line":62,"column":17},"end":{"line":62,"column":52}},"39":{"start":{"line":63,"column":18},"end":{"line":63,"column":55}},"40":{"start":{"line":64,"column":17},"end":{"line":64,"column":35}},"41":{"start":{"line":65,"column":17},"end":{"line":65,"column":42}},"42":{"start":{"line":67,"column":30},"end":{"line":70,"column":6}},"43":{"start":{"line":72,"column":4},"end":{"line":78,"column":7}},"44":{"start":{"line":80,"column":4},"end":{"line":80,"column":16}},"45":{"start":{"line":85,"column":30},"end":{"line":99,"column":1}},"46":{"start":{"line":86,"column":2},"end":{"line":98,"column":3}},"47":{"start":{"line":87,"column":19},"end":{"line":87,"column":48}},"48":{"start":{"line":88,"column":4},"end":{"line":88,"column":64}},"49":{"start":{"line":88,"column":17},"end":{"line":88,"column":64}},"50":{"start":{"line":90,"column":20},"end":{"line":90,"column":64}},"51":{"start":{"line":91,"column":4},"end":{"line":91,"column":70}},"52":{"start":{"line":91,"column":18},"end":{"line":91,"column":70}},"53":{"start":{"line":92,"column":4},"end":{"line":93,"column":50}},"54":{"start":{"line":93,"column":6},"end":{"line":93,"column":50}},"55":{"start":{"line":95,"column":4},"end":{"line":95,"column":22}},"56":{"start":{"line":97,"column":4},"end":{"line":97,"column":16}},"57":{"start":{"line":102,"column":29},"end":{"line":121,"column":1}},"58":{"start":{"line":103,"column":2},"end":{"line":120,"column":3}},"59":{"start":{"line":104,"column":19},"end":{"line":104,"column":48}},"60":{"start":{"line":105,"column":4},"end":{"line":105,"column":64}},"61":{"start":{"line":105,"column":17},"end":{"line":105,"column":64}},"62":{"start":{"line":107,"column":20},"end":{"line":107,"column":57}},"63":{"start":{"line":108,"column":4},"end":{"line":108,"column":70}},"64":{"start":{"line":108,"column":18},"end":{"line":108,"column":70}},"65":{"start":{"line":109,"column":4},"end":{"line":110,"column":50}},"66":{"start":{"line":110,"column":6},"end":{"line":110,"column":50}},"67":{"start":{"line":112,"column":20},"end":{"line":112,"column":78}},"68":{"start":{"line":113,"column":4},"end":{"line":115,"column":5}},"69":{"start":{"line":114,"column":6},"end":{"line":114,"column":62}},"70":{"start":{"line":114,"column":29},"end":{"line":114,"column":62}},"71":{"start":{"line":116,"column":20},"end":{"line":116,"column":40}},"72":{"start":{"line":117,"column":4},"end":{"line":117,"column":22}},"73":{"start":{"line":119,"column":4},"end":{"line":119,"column":16}},"74":{"start":{"line":124,"column":29},"end":{"line":139,"column":1}},"75":{"start":{"line":125,"column":2},"end":{"line":138,"column":3}},"76":{"start":{"line":126,"column":19},"end":{"line":126,"column":48}},"77":{"start":{"line":127,"column":4},"end":{"line":127,"column":64}},"78":{"start":{"line":127,"column":17},"end":{"line":127,"column":64}},"79":{"start":{"line":129,"column":20},"end":{"line":129,"column":57}},"80":{"start":{"line":130,"column":4},"end":{"line":130,"column":70}},"81":{"start":{"line":130,"column":18},"end":{"line":130,"column":70}},"82":{"start":{"line":131,"column":4},"end":{"line":132,"column":50}},"83":{"start":{"line":132,"column":6},"end":{"line":132,"column":50}},"84":{"start":{"line":134,"column":4},"end":{"line":134,"column":30}},"85":{"start":{"line":135,"column":4},"end":{"line":135,"column":32}},"86":{"start":{"line":137,"column":4},"end":{"line":137,"column":16}}},"fnMap":{"0":{"name":"(anonymous_0)","decl":{"start":{"line":5,"column":26},"end":{"line":5,"column":27}},"loc":{"start":{"line":5,"column":43},"end":{"line":36,"column":1}},"line":5},"1":{"name":"(anonymous_1)","decl":{"start":{"line":39,"column":29},"end":{"line":39,"column":30}},"loc":{"start":{"line":39,"column":55},"end":{"line":53,"column":1}},"line":39},"2":{"name":"(anonymous_2)","decl":{"start":{"line":56,"column":27},"end":{"line":56,"column":28}},"loc":{"start":{"line":56,"column":53},"end":{"line":82,"column":1}},"line":56},"3":{"name":"(anonymous_3)","decl":{"start":{"line":85,"column":30},"end":{"line":85,"column":31}},"loc":{"start":{"line":85,"column":56},"end":{"line":99,"column":1}},"line":85},"4":{"name":"(anonymous_4)","decl":{"start":{"line":102,"column":29},"end":{"line":102,"column":30}},"loc":{"start":{"line":102,"column":55},"end":{"line":121,"column":1}},"line":102},"5":{"name":"(anonymous_5)","decl":{"start":{"line":124,"column":29},"end":{"line":124,"column":30}},"loc":{"start":{"line":124,"column":55},"end":{"line":139,"column":1}},"line":124}},"branchMap":{"0":{"loc":{"start":{"line":10,"column":2},"end":{"line":10,"column":31}},"type":"if","locations":[{"start":{"line":10,"column":2},"end":{"line":10,"column":31}},{"start":{},"end":{}}],"line":10},"1":{"loc":{"start":{"line":11,"column":2},"end":{"line":11,"column":46}},"type":"if","locations":[{"start":{"line":11,"column":2},"end":{"line":11,"column":46}},{"start":{},"end":{}}],"line":11},"2":{"loc":{"start":{"line":13,"column":2},"end":{"line":17,"column":3}},"type":"if","locations":[{"start":{"line":13,"column":2},"end":{"line":17,"column":3}},{"start":{},"end":{}}],"line":13},"3":{"loc":{"start":{"line":13,"column":6},"end":{"line":13,"column":32}},"type":"binary-expr","locations":[{"start":{"line":13,"column":6},"end":{"line":13,"column":17}},{"start":{"line":13,"column":21},"end":{"line":13,"column":32}}],"line":13},"4":{"loc":{"start":{"line":15,"column":4},"end":{"line":15,"column":64}},"type":"if","locations":[{"start":{"line":15,"column":4},"end":{"line":15,"column":64}},{"start":{},"end":{}}],"line":15},"5":{"loc":{"start":{"line":16,"column":4},"end":{"line":16,"column":64}},"type":"if","locations":[{"start":{"line":16,"column":4},"end":{"line":16,"column":64}},{"start":{},"end":{}}],"line":16},"6":{"loc":{"start":{"line":19,"column":2},"end":{"line":23,"column":3}},"type":"if","locations":[{"start":{"line":19,"column":2},"end":{"line":23,"column":3}},{"start":{},"end":{}}],"line":19},"7":{"loc":{"start":{"line":19,"column":6},"end":{"line":19,"column":26}},"type":"binary-expr","locations":[{"start":{"line":19,"column":6},"end":{"line":19,"column":15}},{"start":{"line":19,"column":19},"end":{"line":19,"column":26}}],"line":19},"8":{"loc":{"start":{"line":21,"column":4},"end":{"line":21,"column":58}},"type":"if","locations":[{"start":{"line":21,"column":4},"end":{"line":21,"column":58}},{"start":{},"end":{}}],"line":21},"9":{"loc":{"start":{"line":22,"column":4},"end":{"line":22,"column":54}},"type":"if","locations":[{"start":{"line":22,"column":4},"end":{"line":22,"column":54}},{"start":{},"end":{}}],"line":22},"10":{"loc":{"start":{"line":25,"column":2},"end":{"line":34,"column":3}},"type":"if","locations":[{"start":{"line":25,"column":2},"end":{"line":34,"column":3}},{"start":{},"end":{}}],"line":25},"11":{"loc":{"start":{"line":41,"column":19},"end":{"line":41,"column":48}},"type":"binary-expr","locations":[{"start":{"line":41,"column":19},"end":{"line":41,"column":31}},{"start":{"line":41,"column":35},"end":{"line":41,"column":48}}],"line":41},"12":{"loc":{"start":{"line":42,"column":4},"end":{"line":42,"column":64}},"type":"if","locations":[{"start":{"line":42,"column":4},"end":{"line":42,"column":64}},{"start":{},"end":{}}],"line":42},"13":{"loc":{"start":{"line":58,"column":19},"end":{"line":58,"column":48}},"type":"binary-expr","locations":[{"start":{"line":58,"column":19},"end":{"line":58,"column":31}},{"start":{"line":58,"column":35},"end":{"line":58,"column":48}}],"line":58},"14":{"loc":{"start":{"line":59,"column":4},"end":{"line":59,"column":64}},"type":"if","locations":[{"start":{"line":59,"column":4},"end":{"line":59,"column":64}},{"start":{},"end":{}}],"line":59},"15":{"loc":{"start":{"line":62,"column":26},"end":{"line":62,"column":47}},"type":"binary-expr","locations":[{"start":{"line":62,"column":26},"end":{"line":62,"column":40}},{"start":{"line":62,"column":44},"end":{"line":62,"column":47}}],"line":62},"16":{"loc":{"start":{"line":63,"column":27},"end":{"line":63,"column":50}},"type":"binary-expr","locations":[{"start":{"line":63,"column":27},"end":{"line":63,"column":42}},{"start":{"line":63,"column":46},"end":{"line":63,"column":50}}],"line":63},"17":{"loc":{"start":{"line":65,"column":17},"end":{"line":65,"column":42}},"type":"binary-expr","locations":[{"start":{"line":65,"column":17},"end":{"line":65,"column":31}},{"start":{"line":65,"column":35},"end":{"line":65,"column":42}}],"line":65},"18":{"loc":{"start":{"line":77,"column":18},"end":{"line":77,"column":47}},"type":"binary-expr","locations":[{"start":{"line":77,"column":18},"end":{"line":77,"column":42}},{"start":{"line":77,"column":46},"end":{"line":77,"column":47}}],"line":77},"19":{"loc":{"start":{"line":87,"column":19},"end":{"line":87,"column":48}},"type":"binary-expr","locations":[{"start":{"line":87,"column":19},"end":{"line":87,"column":31}},{"start":{"line":87,"column":35},"end":{"line":87,"column":48}}],"line":87},"20":{"loc":{"start":{"line":88,"column":4},"end":{"line":88,"column":64}},"type":"if","locations":[{"start":{"line":88,"column":4},"end":{"line":88,"column":64}},{"start":{},"end":{}}],"line":88},"21":{"loc":{"start":{"line":91,"column":4},"end":{"line":91,"column":70}},"type":"if","locations":[{"start":{"line":91,"column":4},"end":{"line":91,"column":70}},{"start":{},"end":{}}],"line":91},"22":{"loc":{"start":{"line":92,"column":4},"end":{"line":93,"column":50}},"type":"if","locations":[{"start":{"line":92,"column":4},"end":{"line":93,"column":50}},{"start":{},"end":{}}],"line":92},"23":{"loc":{"start":{"line":104,"column":19},"end":{"line":104,"column":48}},"type":"binary-expr","locations":[{"start":{"line":104,"column":19},"end":{"line":104,"column":31}},{"start":{"line":104,"column":35},"end":{"line":104,"column":48}}],"line":104},"24":{"loc":{"start":{"line":105,"column":4},"end":{"line":105,"column":64}},"type":"if","locations":[{"start":{"line":105,"column":4},"end":{"line":105,"column":64}},{"start":{},"end":{}}],"line":105},"25":{"loc":{"start":{"line":108,"column":4},"end":{"line":108,"column":70}},"type":"if","locations":[{"start":{"line":108,"column":4},"end":{"line":108,"column":70}},{"start":{},"end":{}}],"line":108},"26":{"loc":{"start":{"line":109,"column":4},"end":{"line":110,"column":50}},"type":"if","locations":[{"start":{"line":109,"column":4},"end":{"line":110,"column":50}},{"start":{},"end":{}}],"line":109},"27":{"loc":{"start":{"line":114,"column":6},"end":{"line":114,"column":62}},"type":"if","locations":[{"start":{"line":114,"column":6},"end":{"line":114,"column":62}},{"start":{},"end":{}}],"line":114},"28":{"loc":{"start":{"line":126,"column":19},"end":{"line":126,"column":48}},"type":"binary-expr","locations":[{"start":{"line":126,"column":19},"end":{"line":126,"column":31}},{"start":{"line":126,"column":35},"end":{"line":126,"column":48}}],"line":126},"29":{"loc":{"start":{"line":127,"column":4},"end":{"line":127,"column":64}},"type":"if","locations":[{"start":{"line":127,"column":4},"end":{"line":127,"column":64}},{"start":{},"end":{}}],"line":127},"30":{"loc":{"start":{"line":130,"column":4},"end":{"line":130,"column":70}},"type":"if","locations":[{"start":{"line":130,"column":4},"end":{"line":130,"column":70}},{"start":{},"end":{}}],"line":130},"31":{"loc":{"start":{"line":131,"column":4},"end":{"line":132,"column":50}},"type":"if","locations":[{"start":{"line":131,"column":4},"end":{"line":132,"column":50}},{"start":{},"end":{}}],"line":131}},"s":{"0":0,"1":0,"2":0,"3":0,"4":0,"5":0,"6":0,"7":0,"8":0,"9":0,"10":0,"11":0,"12":0,"13":0,"14":0,"15":0,"16":0,"17":0,"18":0,"19":0,"20":0,"21":0,"22":0,"23":0,"24":0,"25":0,"26":0,"27":0,"28":0,"29":0,"30":0,"31":0,"32":0,"33":0,"34":0,"35":0,"36":0,"37":0,"38":0,"39":0,"40":0,"41":0,"42":0,"43":0,"44":0,"45":0,"46":0,"47":0,"48":0,"49":0,"50":0,"51":0,"52":0,"53":0,"54":0,"55":0,"56":0,"57":0,"58":0,"59":0,"60":0,"61":0,"62":0,"63":0,"64":0,"65":0,"66":0,"67":0,"68":0,"69":0,"70":0,"71":0,"72":0,"73":0,"74":0,"75":0,"76":0,"77":0,"78":0,"79":0,"80":0,"81":0,"82":0,"83":0,"84":0,"85":0,"86":0},"f":{"0":0,"1":0,"2":0,"3":0,"4":0,"5":0},"b":{"0":[0,0],"1":[0,0],"2":[0,0],"3":[0,0],"4":[0,0],"5":[0,0],"6":[0,0],"7":[0,0],"8":[0,0],"9":[0,0],"10":[0,0],"11":[0,0],"12":[0,0],"13":[0,0],"14":[0,0],"15":[0,0],"16":[0,0],"17":[0,0],"18":[0,0],"19":[0,0],"20":[0,0],"21":[0,0],"22":[0,0],"23":[0,0],"24":[0,0],"25":[0,0],"26":[0,0],"27":[0,0],"28":[0,0],"29":[0,0],"30":[0,0],"31":[0,0]},"inputSourceMap":null}
,"/Users/arielorellana/Documents/Mobile-Fitness-Tracker-App/backend/models/user.model.js": {"path":"/Users/arielorellana/Documents/Mobile-Fitness-Tracker-App/backend/models/user.model.js","statementMap":{"0":{"start":{"line":4,"column":19},"end":{"line":27,"column":24}},"1":{"start":{"line":29,"column":13},"end":{"line":29,"column":47}}},"fnMap":{},"branchMap":{},"s":{"0":0,"1":0},"f":{},"b":{},"inputSourceMap":null}
,"/Users/arielorellana/Documents/Mobile-Fitness-Tracker-App/backend/models/workout.model.js": {"path":"/Users/arielorellana/Documents/Mobile-Fitness-Tracker-App/backend/models/workout.model.js","statementMap":{"0":{"start":{"line":4,"column":22},"end":{"line":33,"column":24}},"1":{"start":{"line":35,"column":16},"end":{"line":35,"column":56}}},"fnMap":{},"branchMap":{},"s":{"0":0,"1":0},"f":{},"b":{},"inputSourceMap":null}
,"/Users/arielorellana/Documents/Mobile-Fitness-Tracker-App/backend/utils/error.js": {"path":"/Users/arielorellana/Documents/Mobile-Fitness-Tracker-App/backend/utils/error.js","statementMap":{"0":{"start":{"line":5,"column":28},"end":{"line":10,"column":1}},"1":{"start":{"line":6,"column":18},"end":{"line":6,"column":29}},"2":{"start":{"line":7,"column":4},"end":{"line":7,"column":34}},"3":{"start":{"line":8,"column":4},"end":{"line":8,"column":28}},"4":{"start":{"line":9,"column":4},"end":{"line":9,"column":17}}},"fnMap":{"0":{"name":"(anonymous_0)","decl":{"start":{"line":5,"column":28},"end":{"line":5,"column":29}},"loc":{"start":{"line":5,"column":53},"end":{"line":10,"column":1}},"line":5}},"branchMap":{},"s":{"0":1,"1":9,"2":9,"3":9,"4":9},"f":{"0":9},"b":{},"inputSourceMap":null,"_coverageSchema":"1a1c01bbd47fc00a2c39e90264f33305004495a9","hash":"1a3748532b49a534a7c07e05c95ece57274b451f"}
,"/Users/arielorellana/Documents/Mobile-Fitness-Tracker-App/backend/utils/verifyUser.js": {"path":"/Users/arielorellana/Documents/Mobile-Fitness-Tracker-App/backend/utils/verifyUser.js","statementMap":{"0":{"start":{"line":6,"column":27},"end":{"line":37,"column":1}},"1":{"start":{"line":8,"column":16},"end":{"line":8,"column":20}},"2":{"start":{"line":9,"column":23},"end":{"line":9,"column":48}},"3":{"start":{"line":11,"column":4},"end":{"line":14,"column":5}},"4":{"start":{"line":13,"column":8},"end":{"line":13,"column":41}},"5":{"start":{"line":17,"column":4},"end":{"line":19,"column":5}},"6":{"start":{"line":18,"column":8},"end":{"line":18,"column":41}},"7":{"start":{"line":22,"column":4},"end":{"line":24,"column":5}},"8":{"start":{"line":23,"column":8},"end":{"line":23,"column":75}},"9":{"start":{"line":27,"column":4},"end":{"line":36,"column":7}},"10":{"start":{"line":28,"column":8},"end":{"line":31,"column":9}},"11":{"start":{"line":30,"column":12},"end":{"line":30,"column":86}},"12":{"start":{"line":34,"column":8},"end":{"line":34,"column":24}},"13":{"start":{"line":35,"column":8},"end":{"line":35,"column":15}}},"fnMap":{"0":{"name":"(anonymous_0)","decl":{"start":{"line":6,"column":27},"end":{"line":6,"column":28}},"loc":{"start":{"line":6,"column":47},"end":{"line":37,"column":1}},"line":6},"1":{"name":"(anonymous_1)","decl":{"start":{"line":27,"column":46},"end":{"line":27,"column":47}},"loc":{"start":{"line":27,"column":61},"end":{"line":36,"column":5}},"line":27}},"branchMap":{"0":{"loc":{"start":{"line":11,"column":4},"end":{"line":14,"column":5}},"type":"if","locations":[{"start":{"line":11,"column":4},"end":{"line":14,"column":5}},{"start":{},"end":{}}],"line":11},"1":{"loc":{"start":{"line":11,"column":8},"end":{"line":11,"column":54}},"type":"binary-expr","locations":[{"start":{"line":11,"column":8},"end":{"line":11,"column":18}},{"start":{"line":11,"column":22},"end":{"line":11,"column":54}}],"line":11},"2":{"loc":{"start":{"line":17,"column":4},"end":{"line":19,"column":5}},"type":"if","locations":[{"start":{"line":17,"column":4},"end":{"line":19,"column":5}},{"start":{},"end":{}}],"line":17},"3":{"loc":{"start":{"line":17,"column":8},"end":{"line":17,"column":57}},"type":"binary-expr","locations":[{"start":{"line":17,"column":8},"end":{"line":17,"column":14}},{"start":{"line":17,"column":18},"end":{"line":17,"column":29}},{"start":{"line":17,"column":33},"end":{"line":17,"column":57}}],"line":17},"4":{"loc":{"start":{"line":22,"column":4},"end":{"line":24,"column":5}},"type":"if","locations":[{"start":{"line":22,"column":4},"end":{"line":24,"column":5}},{"start":{},"end":{}}],"line":22},"5":{"loc":{"start":{"line":28,"column":8},"end":{"line":31,"column":9}},"type":"if","locations":[{"start":{"line":28,"column":8},"end":{"line":31,"column":9}},{"start":{},"end":{}}],"line":28}},"s":{"0":0,"1":0,"2":0,"3":0,"4":0,"5":0,"6":0,"7":0,"8":0,"9":0,"10":0,"11":0,"12":0,"13":0},"f":{"0":0,"1":0},"b":{"0":[0,0],"1":[0,0],"2":[0,0],"3":[0,0,0],"4":[0,0],"5":[0,0]},"inputSourceMap":null}
}
