{"/Users/arielorellana/Documents/Mobile-Fitness-Tracker-App/app/index.jsx": {"path":"/Users/arielorellana/Documents/Mobile-Fitness-Tracker-App/app/index.jsx","statementMap":{"0":{"start":{"line":6,"column":22},"end":{"line":6,"column":68}},"1":{"start":{"line":6,"column":45},"end":{"line":6,"column":67}},"2":{"start":{"line":12,"column":2},"end":{"line":14,"column":3}},"3":{"start":{"line":13,"column":4},"end":{"line":13,"column":44}},"4":{"start":{"line":16,"column":2},"end":{"line":16,"column":44}}},"fnMap":{"0":{"name":"Index","decl":{"start":{"line":4,"column":24},"end":{"line":4,"column":29}},"loc":{"start":{"line":4,"column":32},"end":{"line":17,"column":1}},"line":4},"1":{"name":"(anonymous_1)","decl":{"start":{"line":6,"column":34},"end":{"line":6,"column":35}},"loc":{"start":{"line":6,"column":45},"end":{"line":6,"column":67}},"line":6}},"branchMap":{"0":{"loc":{"start":{"line":12,"column":2},"end":{"line":14,"column":3}},"type":"if","locations":[{"start":{"line":12,"column":2},"end":{"line":14,"column":3}},{"start":{},"end":{}}],"line":12}},"s":{"0":0,"1":0,"2":0,"3":0,"4":0},"f":{"0":0,"1":0},"b":{"0":[0,0]}}
,"/Users/arielorellana/Documents/Mobile-Fitness-Tracker-App/app/(auth)/SignIn.jsx": {"path":"/Users/arielorellana/Documents/Mobile-Fitness-Tracker-App/app/(auth)/SignIn.jsx","statementMap":{"0":{"start":{"line":23,"column":2},"end":{"line":26,"column":28}},"1":{"start":{"line":30,"column":34},"end":{"line":30,"column":71}},"2":{"start":{"line":32,"column":22},"end":{"line":32,"column":56}},"3":{"start":{"line":32,"column":45},"end":{"line":32,"column":55}},"4":{"start":{"line":34,"column":17},"end":{"line":34,"column":28}},"5":{"start":{"line":35,"column":19},"end":{"line":35,"column":32}},"6":{"start":{"line":38,"column":23},"end":{"line":43,"column":3}},"7":{"start":{"line":39,"column":4},"end":{"line":42,"column":8}},"8":{"start":{"line":39,"column":27},"end":{"line":42,"column":5}},"9":{"start":{"line":45,"column":22},"end":{"line":105,"column":3}},"10":{"start":{"line":47,"column":4},"end":{"line":50,"column":5}},"11":{"start":{"line":48,"column":6},"end":{"line":48,"column":56}},"12":{"start":{"line":49,"column":6},"end":{"line":49,"column":13}},"13":{"start":{"line":53,"column":23},"end":{"line":53,"column":27}},"14":{"start":{"line":54,"column":27},"end":{"line":56,"column":5}},"15":{"start":{"line":55,"column":6},"end":{"line":55,"column":80}},"16":{"start":{"line":55,"column":23},"end":{"line":55,"column":67}},"17":{"start":{"line":58,"column":4},"end":{"line":104,"column":5}},"18":{"start":{"line":60,"column":6},"end":{"line":60,"column":30}},"19":{"start":{"line":64,"column":18},"end":{"line":73,"column":8}},"20":{"start":{"line":76,"column":6},"end":{"line":82,"column":7}},"21":{"start":{"line":77,"column":24},"end":{"line":77,"column":58}},"22":{"start":{"line":77,"column":54},"end":{"line":77,"column":56}},"23":{"start":{"line":78,"column":24},"end":{"line":78,"column":75}},"24":{"start":{"line":79,"column":8},"end":{"line":79,"column":41}},"25":{"start":{"line":80,"column":8},"end":{"line":80,"column":45}},"26":{"start":{"line":81,"column":8},"end":{"line":81,"column":15}},"27":{"start":{"line":84,"column":19},"end":{"line":84,"column":35}},"28":{"start":{"line":87,"column":6},"end":{"line":91,"column":7}},"29":{"start":{"line":88,"column":8},"end":{"line":88,"column":46}},"30":{"start":{"line":89,"column":8},"end":{"line":89,"column":50}},"31":{"start":{"line":90,"column":8},"end":{"line":90,"column":15}},"32":{"start":{"line":94,"column":6},"end":{"line":94,"column":36}},"33":{"start":{"line":95,"column":6},"end":{"line":95,"column":37}},"34":{"start":{"line":97,"column":6},"end":{"line":97,"column":45}},"35":{"start":{"line":99,"column":6},"end":{"line":99,"column":51}},"36":{"start":{"line":100,"column":6},"end":{"line":103,"column":8}},"37":{"start":{"line":107,"column":2},"end":{"line":181,"column":4}},"38":{"start":{"line":126,"column":42},"end":{"line":126,"column":69}},"39":{"start":{"line":144,"column":42},"end":{"line":144,"column":72}},"40":{"start":{"line":184,"column":15},"end":{"line":252,"column":2}}},"fnMap":{"0":{"name":"SignIn","decl":{"start":{"line":28,"column":24},"end":{"line":28,"column":30}},"loc":{"start":{"line":28,"column":33},"end":{"line":182,"column":1}},"line":28},"1":{"name":"(anonymous_1)","decl":{"start":{"line":32,"column":34},"end":{"line":32,"column":35}},"loc":{"start":{"line":32,"column":45},"end":{"line":32,"column":55}},"line":32},"2":{"name":"(anonymous_2)","decl":{"start":{"line":38,"column":23},"end":{"line":38,"column":24}},"loc":{"start":{"line":38,"column":40},"end":{"line":43,"column":3}},"line":38},"3":{"name":"(anonymous_3)","decl":{"start":{"line":39,"column":16},"end":{"line":39,"column":17}},"loc":{"start":{"line":39,"column":27},"end":{"line":42,"column":5}},"line":39},"4":{"name":"(anonymous_4)","decl":{"start":{"line":45,"column":22},"end":{"line":45,"column":23}},"loc":{"start":{"line":45,"column":34},"end":{"line":105,"column":3}},"line":45},"5":{"name":"(anonymous_5)","decl":{"start":{"line":54,"column":39},"end":{"line":54,"column":40}},"loc":{"start":{"line":55,"column":6},"end":{"line":55,"column":80}},"line":55},"6":{"name":"(anonymous_6)","decl":{"start":{"line":55,"column":17},"end":{"line":55,"column":18}},"loc":{"start":{"line":55,"column":23},"end":{"line":55,"column":67}},"line":55},"7":{"name":"(anonymous_7)","decl":{"start":{"line":77,"column":47},"end":{"line":77,"column":48}},"loc":{"start":{"line":77,"column":54},"end":{"line":77,"column":56}},"line":77},"8":{"name":"(anonymous_8)","decl":{"start":{"line":126,"column":32},"end":{"line":126,"column":33}},"loc":{"start":{"line":126,"column":42},"end":{"line":126,"column":69}},"line":126},"9":{"name":"(anonymous_9)","decl":{"start":{"line":144,"column":32},"end":{"line":144,"column":33}},"loc":{"start":{"line":144,"column":42},"end":{"line":144,"column":72}},"line":144}},"branchMap":{"0":{"loc":{"start":{"line":23,"column":2},"end":{"line":26,"column":28}},"type":"binary-expr","locations":[{"start":{"line":23,"column":2},"end":{"line":23,"column":33}},{"start":{"line":24,"column":2},"end":{"line":24,"column":37}},{"start":{"line":25,"column":2},"end":{"line":25,"column":35}},{"start":{"line":26,"column":2},"end":{"line":26,"column":28}}],"line":23},"1":{"loc":{"start":{"line":47,"column":4},"end":{"line":50,"column":5}},"type":"if","locations":[{"start":{"line":47,"column":4},"end":{"line":50,"column":5}},{"start":{},"end":{}}],"line":47},"2":{"loc":{"start":{"line":47,"column":8},"end":{"line":47,"column":45}},"type":"binary-expr","locations":[{"start":{"line":47,"column":8},"end":{"line":47,"column":23}},{"start":{"line":47,"column":27},"end":{"line":47,"column":45}}],"line":47},"3":{"loc":{"start":{"line":76,"column":6},"end":{"line":82,"column":7}},"type":"if","locations":[{"start":{"line":76,"column":6},"end":{"line":82,"column":7}},{"start":{},"end":{}}],"line":76},"4":{"loc":{"start":{"line":78,"column":24},"end":{"line":78,"column":75}},"type":"binary-expr","locations":[{"start":{"line":78,"column":24},"end":{"line":78,"column":39}},{"start":{"line":78,"column":43},"end":{"line":78,"column":57}},{"start":{"line":78,"column":61},"end":{"line":78,"column":75}}],"line":78},"5":{"loc":{"start":{"line":87,"column":6},"end":{"line":91,"column":7}},"type":"if","locations":[{"start":{"line":87,"column":6},"end":{"line":91,"column":7}},{"start":{},"end":{}}],"line":87},"6":{"loc":{"start":{"line":87,"column":10},"end":{"line":87,"column":40}},"type":"binary-expr","locations":[{"start":{"line":87,"column":10},"end":{"line":87,"column":14}},{"start":{"line":87,"column":18},"end":{"line":87,"column":40}}],"line":87},"7":{"loc":{"start":{"line":154,"column":38},"end":{"line":154,"column":70}},"type":"binary-expr","locations":[{"start":{"line":154,"column":38},"end":{"line":154,"column":45}},{"start":{"line":154,"column":49},"end":{"line":154,"column":70}}],"line":154},"8":{"loc":{"start":{"line":158,"column":11},"end":{"line":162,"column":11}},"type":"cond-expr","locations":[{"start":{"line":159,"column":12},"end":{"line":159,"column":49}},{"start":{"line":161,"column":12},"end":{"line":161,"column":57}}],"line":158}},"s":{"0":0,"1":0,"2":0,"3":0,"4":0,"5":0,"6":0,"7":0,"8":0,"9":0,"10":0,"11":0,"12":0,"13":0,"14":0,"15":0,"16":0,"17":0,"18":0,"19":0,"20":0,"21":0,"22":0,"23":0,"24":0,"25":0,"26":0,"27":0,"28":0,"29":0,"30":0,"31":0,"32":0,"33":0,"34":0,"35":0,"36":0,"37":0,"38":0,"39":0,"40":0},"f":{"0":0,"1":0,"2":0,"3":0,"4":0,"5":0,"6":0,"7":0,"8":0,"9":0},"b":{"0":[0,0,0,0],"1":[0,0],"2":[0,0],"3":[0,0],"4":[0,0,0],"5":[0,0],"6":[0,0],"7":[0,0],"8":[0,0]}}
,"/Users/arielorellana/Documents/Mobile-Fitness-Tracker-App/app/(auth)/SignUp.jsx": {"path":"/Users/arielorellana/Documents/Mobile-Fitness-Tracker-App/app/(auth)/SignUp.jsx","statementMap":{"0":{"start":{"line":17,"column":34},"end":{"line":21,"column":4}},"1":{"start":{"line":22,"column":32},"end":{"line":22,"column":47}},"2":{"start":{"line":23,"column":17},"end":{"line":23,"column":28}},"3":{"start":{"line":27,"column":4},"end":{"line":30,"column":30}},"4":{"start":{"line":33,"column":23},"end":{"line":38,"column":3}},"5":{"start":{"line":34,"column":4},"end":{"line":37,"column":8}},"6":{"start":{"line":34,"column":27},"end":{"line":37,"column":5}},"7":{"start":{"line":40,"column":23},"end":{"line":77,"column":3}},"8":{"start":{"line":42,"column":4},"end":{"line":45,"column":5}},"9":{"start":{"line":43,"column":6},"end":{"line":43,"column":56}},"10":{"start":{"line":44,"column":6},"end":{"line":44,"column":13}},"11":{"start":{"line":47,"column":4},"end":{"line":76,"column":5}},"12":{"start":{"line":48,"column":6},"end":{"line":48,"column":23}},"13":{"start":{"line":50,"column":18},"end":{"line":56,"column":8}},"14":{"start":{"line":59,"column":6},"end":{"line":65,"column":7}},"15":{"start":{"line":60,"column":24},"end":{"line":60,"column":58}},"16":{"start":{"line":60,"column":54},"end":{"line":60,"column":56}},"17":{"start":{"line":61,"column":24},"end":{"line":61,"column":77}},"18":{"start":{"line":62,"column":8},"end":{"line":62,"column":26}},"19":{"start":{"line":63,"column":8},"end":{"line":63,"column":47}},"20":{"start":{"line":64,"column":8},"end":{"line":64,"column":15}},"21":{"start":{"line":67,"column":19},"end":{"line":67,"column":53}},"22":{"start":{"line":67,"column":49},"end":{"line":67,"column":51}},"23":{"start":{"line":69,"column":6},"end":{"line":69,"column":24}},"24":{"start":{"line":71,"column":6},"end":{"line":71,"column":65}},"25":{"start":{"line":72,"column":6},"end":{"line":72,"column":39}},"26":{"start":{"line":74,"column":6},"end":{"line":74,"column":24}},"27":{"start":{"line":75,"column":6},"end":{"line":75,"column":68}},"28":{"start":{"line":79,"column":2},"end":{"line":164,"column":4}},"29":{"start":{"line":98,"column":42},"end":{"line":98,"column":72}},"30":{"start":{"line":115,"column":42},"end":{"line":115,"column":69}},"31":{"start":{"line":133,"column":42},"end":{"line":133,"column":72}},"32":{"start":{"line":167,"column":15},"end":{"line":224,"column":2}}},"fnMap":{"0":{"name":"SignUp","decl":{"start":{"line":15,"column":24},"end":{"line":15,"column":30}},"loc":{"start":{"line":15,"column":33},"end":{"line":165,"column":1}},"line":15},"1":{"name":"(anonymous_1)","decl":{"start":{"line":33,"column":23},"end":{"line":33,"column":24}},"loc":{"start":{"line":33,"column":40},"end":{"line":38,"column":3}},"line":33},"2":{"name":"(anonymous_2)","decl":{"start":{"line":34,"column":16},"end":{"line":34,"column":17}},"loc":{"start":{"line":34,"column":27},"end":{"line":37,"column":5}},"line":34},"3":{"name":"(anonymous_3)","decl":{"start":{"line":40,"column":23},"end":{"line":40,"column":24}},"loc":{"start":{"line":40,"column":35},"end":{"line":77,"column":3}},"line":40},"4":{"name":"(anonymous_4)","decl":{"start":{"line":60,"column":47},"end":{"line":60,"column":48}},"loc":{"start":{"line":60,"column":54},"end":{"line":60,"column":56}},"line":60},"5":{"name":"(anonymous_5)","decl":{"start":{"line":67,"column":42},"end":{"line":67,"column":43}},"loc":{"start":{"line":67,"column":49},"end":{"line":67,"column":51}},"line":67},"6":{"name":"(anonymous_6)","decl":{"start":{"line":98,"column":32},"end":{"line":98,"column":33}},"loc":{"start":{"line":98,"column":42},"end":{"line":98,"column":72}},"line":98},"7":{"name":"(anonymous_7)","decl":{"start":{"line":115,"column":32},"end":{"line":115,"column":33}},"loc":{"start":{"line":115,"column":42},"end":{"line":115,"column":69}},"line":115},"8":{"name":"(anonymous_8)","decl":{"start":{"line":133,"column":32},"end":{"line":133,"column":33}},"loc":{"start":{"line":133,"column":42},"end":{"line":133,"column":72}},"line":133}},"branchMap":{"0":{"loc":{"start":{"line":27,"column":4},"end":{"line":30,"column":30}},"type":"binary-expr","locations":[{"start":{"line":27,"column":4},"end":{"line":27,"column":35}},{"start":{"line":28,"column":4},"end":{"line":28,"column":39}},{"start":{"line":29,"column":4},"end":{"line":29,"column":37}},{"start":{"line":30,"column":4},"end":{"line":30,"column":30}}],"line":27},"1":{"loc":{"start":{"line":42,"column":4},"end":{"line":45,"column":5}},"type":"if","locations":[{"start":{"line":42,"column":4},"end":{"line":45,"column":5}},{"start":{},"end":{}}],"line":42},"2":{"loc":{"start":{"line":42,"column":8},"end":{"line":42,"column":67}},"type":"binary-expr","locations":[{"start":{"line":42,"column":8},"end":{"line":42,"column":26}},{"start":{"line":42,"column":30},"end":{"line":42,"column":45}},{"start":{"line":42,"column":49},"end":{"line":42,"column":67}}],"line":42},"3":{"loc":{"start":{"line":59,"column":6},"end":{"line":65,"column":7}},"type":"if","locations":[{"start":{"line":59,"column":6},"end":{"line":65,"column":7}},{"start":{},"end":{}}],"line":59},"4":{"loc":{"start":{"line":61,"column":24},"end":{"line":61,"column":77}},"type":"binary-expr","locations":[{"start":{"line":61,"column":24},"end":{"line":61,"column":39}},{"start":{"line":61,"column":43},"end":{"line":61,"column":57}},{"start":{"line":61,"column":61},"end":{"line":61,"column":77}}],"line":61},"5":{"loc":{"start":{"line":75,"column":27},"end":{"line":75,"column":66}},"type":"binary-expr","locations":[{"start":{"line":75,"column":27},"end":{"line":75,"column":40}},{"start":{"line":75,"column":44},"end":{"line":75,"column":66}}],"line":75},"6":{"loc":{"start":{"line":143,"column":38},"end":{"line":143,"column":70}},"type":"binary-expr","locations":[{"start":{"line":143,"column":38},"end":{"line":143,"column":45}},{"start":{"line":143,"column":49},"end":{"line":143,"column":70}}],"line":143},"7":{"loc":{"start":{"line":147,"column":11},"end":{"line":151,"column":11}},"type":"cond-expr","locations":[{"start":{"line":148,"column":12},"end":{"line":148,"column":49}},{"start":{"line":150,"column":12},"end":{"line":150,"column":57}}],"line":147}},"s":{"0":0,"1":0,"2":0,"3":0,"4":0,"5":0,"6":0,"7":0,"8":0,"9":0,"10":0,"11":0,"12":0,"13":0,"14":0,"15":0,"16":0,"17":0,"18":0,"19":0,"20":0,"21":0,"22":0,"23":0,"24":0,"25":0,"26":0,"27":0,"28":0,"29":0,"30":0,"31":0,"32":0},"f":{"0":0,"1":0,"2":0,"3":0,"4":0,"5":0,"6":0,"7":0,"8":0},"b":{"0":[0,0,0,0],"1":[0,0],"2":[0,0,0],"3":[0,0],"4":[0,0,0],"5":[0,0],"6":[0,0],"7":[0,0]}}
,"/Users/arielorellana/Documents/Mobile-Fitness-Tracker-App/app/(tabs)/AddWorkout.jsx": {"path":"/Users/arielorellana/Documents/Mobile-Fitness-Tracker-App/app/(tabs)/AddWorkout.jsx","statementMap":{"0":{"start":{"line":12,"column":14},"end":{"line":14,"column":1}},"1":{"start":{"line":13,"column":20},"end":{"line":13,"column":55}},"2":{"start":{"line":17,"column":20},"end":{"line":21,"column":1}},"3":{"start":{"line":18,"column":2},"end":{"line":20,"column":9}},"4":{"start":{"line":24,"column":26},"end":{"line":24,"column":60}},"5":{"start":{"line":24,"column":49},"end":{"line":24,"column":59}},"6":{"start":{"line":27,"column":4},"end":{"line":30,"column":30}},"7":{"start":{"line":33,"column":34},"end":{"line":41,"column":6}},"8":{"start":{"line":44,"column":54},"end":{"line":44,"column":69}},"9":{"start":{"line":45,"column":36},"end":{"line":45,"column":47}},"10":{"start":{"line":46,"column":40},"end":{"line":46,"column":52}},"11":{"start":{"line":48,"column":46},"end":{"line":48,"column":61}},"12":{"start":{"line":49,"column":46},"end":{"line":49,"column":61}},"13":{"start":{"line":50,"column":34},"end":{"line":50,"column":54}},"14":{"start":{"line":51,"column":34},"end":{"line":51,"column":54}},"15":{"start":{"line":52,"column":44},"end":{"line":52,"column":55}},"16":{"start":{"line":53,"column":32},"end":{"line":53,"column":47}},"17":{"start":{"line":55,"column":28},"end":{"line":62,"column":3}},"18":{"start":{"line":64,"column":26},"end":{"line":64,"column":58}},"19":{"start":{"line":67,"column":2},"end":{"line":80,"column":4}},"20":{"start":{"line":69,"column":6},"end":{"line":77,"column":9}},"21":{"start":{"line":78,"column":6},"end":{"line":78,"column":41}},"22":{"start":{"line":78,"column":31},"end":{"line":78,"column":39}},"23":{"start":{"line":82,"column":23},"end":{"line":87,"column":3}},"24":{"start":{"line":83,"column":4},"end":{"line":86,"column":8}},"25":{"start":{"line":83,"column":27},"end":{"line":86,"column":5}},"26":{"start":{"line":90,"column":29},"end":{"line":96,"column":3}},"27":{"start":{"line":91,"column":18},"end":{"line":91,"column":52}},"28":{"start":{"line":92,"column":20},"end":{"line":92,"column":42}},"29":{"start":{"line":93,"column":4},"end":{"line":93,"column":24}},"30":{"start":{"line":94,"column":4},"end":{"line":94,"column":28}},"31":{"start":{"line":95,"column":4},"end":{"line":95,"column":32}},"32":{"start":{"line":99,"column":26},"end":{"line":103,"column":3}},"33":{"start":{"line":100,"column":25},"end":{"line":100,"column":53}},"34":{"start":{"line":101,"column":4},"end":{"line":101,"column":43}},"35":{"start":{"line":102,"column":4},"end":{"line":102,"column":33}},"36":{"start":{"line":106,"column":25},"end":{"line":112,"column":3}},"37":{"start":{"line":107,"column":18},"end":{"line":107,"column":42}},"38":{"start":{"line":108,"column":17},"end":{"line":108,"column":29}},"39":{"start":{"line":109,"column":4},"end":{"line":109,"column":42}},"40":{"start":{"line":109,"column":21},"end":{"line":109,"column":42}},"41":{"start":{"line":110,"column":4},"end":{"line":110,"column":41}},"42":{"start":{"line":110,"column":20},"end":{"line":110,"column":41}},"43":{"start":{"line":111,"column":4},"end":{"line":111,"column":37}},"44":{"start":{"line":115,"column":25},"end":{"line":119,"column":3}},"45":{"start":{"line":116,"column":22},"end":{"line":116,"column":100}},"46":{"start":{"line":117,"column":4},"end":{"line":117,"column":27}},"47":{"start":{"line":118,"column":4},"end":{"line":118,"column":28}},"48":{"start":{"line":122,"column":25},"end":{"line":133,"column":3}},"49":{"start":{"line":124,"column":4},"end":{"line":128,"column":5}},"50":{"start":{"line":125,"column":6},"end":{"line":125,"column":52}},"51":{"start":{"line":127,"column":6},"end":{"line":127,"column":29}},"52":{"start":{"line":130,"column":4},"end":{"line":130,"column":27}},"53":{"start":{"line":131,"column":4},"end":{"line":131,"column":39}},"54":{"start":{"line":131,"column":29},"end":{"line":131,"column":37}},"55":{"start":{"line":132,"column":4},"end":{"line":132,"column":28}},"56":{"start":{"line":135,"column":22},"end":{"line":138,"column":3}},"57":{"start":{"line":136,"column":4},"end":{"line":136,"column":35}},"58":{"start":{"line":137,"column":4},"end":{"line":137,"column":29}},"59":{"start":{"line":140,"column":22},"end":{"line":143,"column":3}},"60":{"start":{"line":141,"column":4},"end":{"line":141,"column":35}},"61":{"start":{"line":142,"column":4},"end":{"line":142,"column":29}},"62":{"start":{"line":145,"column":23},"end":{"line":148,"column":3}},"63":{"start":{"line":146,"column":24},"end":{"line":146,"column":48}},"64":{"start":{"line":147,"column":4},"end":{"line":147,"column":29}},"65":{"start":{"line":150,"column":23},"end":{"line":154,"column":3}},"66":{"start":{"line":151,"column":4},"end":{"line":153,"column":5}},"67":{"start":{"line":152,"column":6},"end":{"line":152,"column":32}},"68":{"start":{"line":156,"column":21},"end":{"line":160,"column":3}},"69":{"start":{"line":157,"column":4},"end":{"line":157,"column":36}},"70":{"start":{"line":157,"column":15},"end":{"line":157,"column":36}},"71":{"start":{"line":158,"column":20},"end":{"line":158,"column":64}},"72":{"start":{"line":159,"column":4},"end":{"line":159,"column":100}},"73":{"start":{"line":162,"column":21},"end":{"line":166,"column":3}},"74":{"start":{"line":163,"column":4},"end":{"line":163,"column":36}},"75":{"start":{"line":163,"column":15},"end":{"line":163,"column":36}},"76":{"start":{"line":164,"column":20},"end":{"line":164,"column":64}},"77":{"start":{"line":165,"column":4},"end":{"line":165,"column":101}},"78":{"start":{"line":168,"column":23},"end":{"line":246,"column":3}},"79":{"start":{"line":170,"column":4},"end":{"line":173,"column":5}},"80":{"start":{"line":171,"column":6},"end":{"line":171,"column":58}},"81":{"start":{"line":172,"column":6},"end":{"line":172,"column":13}},"82":{"start":{"line":176,"column":4},"end":{"line":179,"column":5}},"83":{"start":{"line":177,"column":6},"end":{"line":177,"column":61}},"84":{"start":{"line":178,"column":6},"end":{"line":178,"column":13}},"85":{"start":{"line":181,"column":4},"end":{"line":181,"column":21}},"86":{"start":{"line":183,"column":4},"end":{"line":245,"column":5}},"87":{"start":{"line":185,"column":22},"end":{"line":185,"column":93}},"88":{"start":{"line":186,"column":22},"end":{"line":186,"column":93}},"89":{"start":{"line":189,"column":27},"end":{"line":197,"column":7}},"90":{"start":{"line":200,"column":29},"end":{"line":200,"column":69}},"91":{"start":{"line":201,"column":29},"end":{"line":201,"column":78}},"92":{"start":{"line":203,"column":26},"end":{"line":211,"column":7}},"93":{"start":{"line":213,"column":23},"end":{"line":220,"column":8}},"94":{"start":{"line":222,"column":19},"end":{"line":222,"column":40}},"95":{"start":{"line":224,"column":6},"end":{"line":226,"column":7}},"96":{"start":{"line":225,"column":8},"end":{"line":225,"column":68}},"97":{"start":{"line":229,"column":6},"end":{"line":237,"column":9}},"98":{"start":{"line":238,"column":6},"end":{"line":238,"column":60}},"99":{"start":{"line":239,"column":6},"end":{"line":239,"column":27}},"100":{"start":{"line":241,"column":6},"end":{"line":241,"column":54}},"101":{"start":{"line":242,"column":6},"end":{"line":242,"column":91}},"102":{"start":{"line":244,"column":6},"end":{"line":244,"column":24}},"103":{"start":{"line":248,"column":2},"end":{"line":548,"column":4}},"104":{"start":{"line":265,"column":16},"end":{"line":277,"column":35}},"105":{"start":{"line":271,"column":33},"end":{"line":271,"column":68}},"106":{"start":{"line":291,"column":40},"end":{"line":291,"column":66}},"107":{"start":{"line":346,"column":16},"end":{"line":360,"column":35}},"108":{"start":{"line":352,"column":33},"end":{"line":352,"column":65}},"109":{"start":{"line":374,"column":40},"end":{"line":374,"column":67}},"110":{"start":{"line":401,"column":30},"end":{"line":401,"column":58}},"111":{"start":{"line":414,"column":44},"end":{"line":414,"column":63}},"112":{"start":{"line":419,"column":20},"end":{"line":419,"column":83}},"113":{"start":{"line":428,"column":44},"end":{"line":428,"column":65}},"114":{"start":{"line":433,"column":20},"end":{"line":433,"column":89}},"115":{"start":{"line":442,"column":31},"end":{"line":442,"column":59}},"116":{"start":{"line":463,"column":30},"end":{"line":463,"column":54}},"117":{"start":{"line":486,"column":31},"end":{"line":486,"column":55}},"118":{"start":{"line":507,"column":30},"end":{"line":507,"column":54}},"119":{"start":{"line":531,"column":31},"end":{"line":531,"column":55}},"120":{"start":{"line":551,"column":15},"end":{"line":917,"column":2}}},"fnMap":{"0":{"name":"(anonymous_0)","decl":{"start":{"line":13,"column":9},"end":{"line":13,"column":10}},"loc":{"start":{"line":13,"column":20},"end":{"line":13,"column":55}},"line":13},"1":{"name":"(anonymous_1)","decl":{"start":{"line":17,"column":20},"end":{"line":17,"column":21}},"loc":{"start":{"line":18,"column":2},"end":{"line":20,"column":9}},"line":18},"2":{"name":"AddWorkout","decl":{"start":{"line":23,"column":24},"end":{"line":23,"column":34}},"loc":{"start":{"line":23,"column":37},"end":{"line":549,"column":1}},"line":23},"3":{"name":"(anonymous_3)","decl":{"start":{"line":24,"column":38},"end":{"line":24,"column":39}},"loc":{"start":{"line":24,"column":49},"end":{"line":24,"column":59}},"line":24},"4":{"name":"(anonymous_4)","decl":{"start":{"line":68,"column":16},"end":{"line":68,"column":17}},"loc":{"start":{"line":68,"column":22},"end":{"line":79,"column":5}},"line":68},"5":{"name":"(anonymous_5)","decl":{"start":{"line":78,"column":23},"end":{"line":78,"column":24}},"loc":{"start":{"line":78,"column":31},"end":{"line":78,"column":39}},"line":78},"6":{"name":"(anonymous_6)","decl":{"start":{"line":82,"column":23},"end":{"line":82,"column":24}},"loc":{"start":{"line":82,"column":40},"end":{"line":87,"column":3}},"line":82},"7":{"name":"(anonymous_7)","decl":{"start":{"line":83,"column":16},"end":{"line":83,"column":17}},"loc":{"start":{"line":83,"column":27},"end":{"line":86,"column":5}},"line":83},"8":{"name":"(anonymous_8)","decl":{"start":{"line":90,"column":29},"end":{"line":90,"column":30}},"loc":{"start":{"line":90,"column":35},"end":{"line":96,"column":3}},"line":90},"9":{"name":"(anonymous_9)","decl":{"start":{"line":99,"column":26},"end":{"line":99,"column":27}},"loc":{"start":{"line":99,"column":32},"end":{"line":103,"column":3}},"line":99},"10":{"name":"(anonymous_10)","decl":{"start":{"line":106,"column":25},"end":{"line":106,"column":26}},"loc":{"start":{"line":106,"column":38},"end":{"line":112,"column":3}},"line":106},"11":{"name":"(anonymous_11)","decl":{"start":{"line":115,"column":25},"end":{"line":115,"column":26}},"loc":{"start":{"line":115,"column":31},"end":{"line":119,"column":3}},"line":115},"12":{"name":"(anonymous_12)","decl":{"start":{"line":122,"column":25},"end":{"line":122,"column":26}},"loc":{"start":{"line":122,"column":31},"end":{"line":133,"column":3}},"line":122},"13":{"name":"(anonymous_13)","decl":{"start":{"line":131,"column":21},"end":{"line":131,"column":22}},"loc":{"start":{"line":131,"column":29},"end":{"line":131,"column":37}},"line":131},"14":{"name":"(anonymous_14)","decl":{"start":{"line":135,"column":22},"end":{"line":135,"column":23}},"loc":{"start":{"line":135,"column":28},"end":{"line":138,"column":3}},"line":135},"15":{"name":"(anonymous_15)","decl":{"start":{"line":140,"column":22},"end":{"line":140,"column":23}},"loc":{"start":{"line":140,"column":28},"end":{"line":143,"column":3}},"line":140},"16":{"name":"(anonymous_16)","decl":{"start":{"line":145,"column":23},"end":{"line":145,"column":24}},"loc":{"start":{"line":145,"column":48},"end":{"line":148,"column":3}},"line":145},"17":{"name":"(anonymous_17)","decl":{"start":{"line":150,"column":23},"end":{"line":150,"column":24}},"loc":{"start":{"line":150,"column":48},"end":{"line":154,"column":3}},"line":150},"18":{"name":"(anonymous_18)","decl":{"start":{"line":156,"column":21},"end":{"line":156,"column":22}},"loc":{"start":{"line":156,"column":31},"end":{"line":160,"column":3}},"line":156},"19":{"name":"(anonymous_19)","decl":{"start":{"line":162,"column":21},"end":{"line":162,"column":22}},"loc":{"start":{"line":162,"column":31},"end":{"line":166,"column":3}},"line":162},"20":{"name":"(anonymous_20)","decl":{"start":{"line":168,"column":23},"end":{"line":168,"column":24}},"loc":{"start":{"line":168,"column":35},"end":{"line":246,"column":3}},"line":168},"21":{"name":"(anonymous_21)","decl":{"start":{"line":264,"column":37},"end":{"line":264,"column":38}},"loc":{"start":{"line":265,"column":16},"end":{"line":277,"column":35}},"line":265},"22":{"name":"(anonymous_22)","decl":{"start":{"line":271,"column":27},"end":{"line":271,"column":28}},"loc":{"start":{"line":271,"column":33},"end":{"line":271,"column":68}},"line":271},"23":{"name":"(anonymous_23)","decl":{"start":{"line":291,"column":30},"end":{"line":291,"column":31}},"loc":{"start":{"line":291,"column":40},"end":{"line":291,"column":66}},"line":291},"24":{"name":"(anonymous_24)","decl":{"start":{"line":345,"column":35},"end":{"line":345,"column":36}},"loc":{"start":{"line":346,"column":16},"end":{"line":360,"column":35}},"line":346},"25":{"name":"(anonymous_25)","decl":{"start":{"line":352,"column":27},"end":{"line":352,"column":28}},"loc":{"start":{"line":352,"column":33},"end":{"line":352,"column":65}},"line":352},"26":{"name":"(anonymous_26)","decl":{"start":{"line":374,"column":30},"end":{"line":374,"column":31}},"loc":{"start":{"line":374,"column":40},"end":{"line":374,"column":67}},"line":374},"27":{"name":"(anonymous_27)","decl":{"start":{"line":401,"column":24},"end":{"line":401,"column":25}},"loc":{"start":{"line":401,"column":30},"end":{"line":401,"column":58}},"line":401},"28":{"name":"(anonymous_28)","decl":{"start":{"line":414,"column":33},"end":{"line":414,"column":34}},"loc":{"start":{"line":414,"column":44},"end":{"line":414,"column":63}},"line":414},"29":{"name":"(anonymous_29)","decl":{"start":{"line":418,"column":45},"end":{"line":418,"column":46}},"loc":{"start":{"line":419,"column":20},"end":{"line":419,"column":83}},"line":419},"30":{"name":"(anonymous_30)","decl":{"start":{"line":428,"column":33},"end":{"line":428,"column":34}},"loc":{"start":{"line":428,"column":44},"end":{"line":428,"column":65}},"line":428},"31":{"name":"(anonymous_31)","decl":{"start":{"line":432,"column":45},"end":{"line":432,"column":46}},"loc":{"start":{"line":433,"column":20},"end":{"line":433,"column":89}},"line":433},"32":{"name":"(anonymous_32)","decl":{"start":{"line":442,"column":25},"end":{"line":442,"column":26}},"loc":{"start":{"line":442,"column":31},"end":{"line":442,"column":59}},"line":442},"33":{"name":"(anonymous_33)","decl":{"start":{"line":463,"column":24},"end":{"line":463,"column":25}},"loc":{"start":{"line":463,"column":30},"end":{"line":463,"column":54}},"line":463},"34":{"name":"(anonymous_34)","decl":{"start":{"line":486,"column":25},"end":{"line":486,"column":26}},"loc":{"start":{"line":486,"column":31},"end":{"line":486,"column":55}},"line":486},"35":{"name":"(anonymous_35)","decl":{"start":{"line":507,"column":24},"end":{"line":507,"column":25}},"loc":{"start":{"line":507,"column":30},"end":{"line":507,"column":54}},"line":507},"36":{"name":"(anonymous_36)","decl":{"start":{"line":531,"column":25},"end":{"line":531,"column":26}},"loc":{"start":{"line":531,"column":31},"end":{"line":531,"column":55}},"line":531}},"branchMap":{"0":{"loc":{"start":{"line":27,"column":4},"end":{"line":30,"column":30}},"type":"binary-expr","locations":[{"start":{"line":27,"column":4},"end":{"line":27,"column":35}},{"start":{"line":28,"column":4},"end":{"line":28,"column":39}},{"start":{"line":29,"column":4},"end":{"line":29,"column":37}},{"start":{"line":30,"column":4},"end":{"line":30,"column":30}}],"line":27},"1":{"loc":{"start":{"line":109,"column":4},"end":{"line":109,"column":42}},"type":"if","locations":[{"start":{"line":109,"column":4},"end":{"line":109,"column":42}},{"start":{},"end":{}}],"line":109},"2":{"loc":{"start":{"line":110,"column":4},"end":{"line":110,"column":41}},"type":"if","locations":[{"start":{"line":110,"column":4},"end":{"line":110,"column":41}},{"start":{},"end":{}}],"line":110},"3":{"loc":{"start":{"line":116,"column":22},"end":{"line":116,"column":100}},"type":"cond-expr","locations":[{"start":{"line":116,"column":54},"end":{"line":116,"column":87}},{"start":{"line":116,"column":90},"end":{"line":116,"column":100}}],"line":116},"4":{"loc":{"start":{"line":124,"column":4},"end":{"line":128,"column":5}},"type":"if","locations":[{"start":{"line":124,"column":4},"end":{"line":128,"column":5}},{"start":{"line":126,"column":11},"end":{"line":128,"column":5}}],"line":124},"5":{"loc":{"start":{"line":124,"column":8},"end":{"line":124,"column":72}},"type":"binary-expr","locations":[{"start":{"line":124,"column":8},"end":{"line":124,"column":37}},{"start":{"line":124,"column":41},"end":{"line":124,"column":72}}],"line":124},"6":{"loc":{"start":{"line":146,"column":24},"end":{"line":146,"column":48}},"type":"binary-expr","locations":[{"start":{"line":146,"column":24},"end":{"line":146,"column":36}},{"start":{"line":146,"column":40},"end":{"line":146,"column":48}}],"line":146},"7":{"loc":{"start":{"line":151,"column":4},"end":{"line":153,"column":5}},"type":"if","locations":[{"start":{"line":151,"column":4},"end":{"line":153,"column":5}},{"start":{},"end":{}}],"line":151},"8":{"loc":{"start":{"line":157,"column":4},"end":{"line":157,"column":36}},"type":"if","locations":[{"start":{"line":157,"column":4},"end":{"line":157,"column":36}},{"start":{},"end":{}}],"line":157},"9":{"loc":{"start":{"line":158,"column":20},"end":{"line":158,"column":64}},"type":"cond-expr","locations":[{"start":{"line":158,"column":43},"end":{"line":158,"column":47}},{"start":{"line":158,"column":50},"end":{"line":158,"column":64}}],"line":158},"10":{"loc":{"start":{"line":163,"column":4},"end":{"line":163,"column":36}},"type":"if","locations":[{"start":{"line":163,"column":4},"end":{"line":163,"column":36}},{"start":{},"end":{}}],"line":163},"11":{"loc":{"start":{"line":164,"column":20},"end":{"line":164,"column":64}},"type":"cond-expr","locations":[{"start":{"line":164,"column":43},"end":{"line":164,"column":47}},{"start":{"line":164,"column":50},"end":{"line":164,"column":64}}],"line":164},"12":{"loc":{"start":{"line":170,"column":4},"end":{"line":173,"column":5}},"type":"if","locations":[{"start":{"line":170,"column":4},"end":{"line":173,"column":5}},{"start":{},"end":{}}],"line":170},"13":{"loc":{"start":{"line":176,"column":4},"end":{"line":179,"column":5}},"type":"if","locations":[{"start":{"line":176,"column":4},"end":{"line":179,"column":5}},{"start":{},"end":{}}],"line":176},"14":{"loc":{"start":{"line":185,"column":22},"end":{"line":185,"column":93}},"type":"cond-expr","locations":[{"start":{"line":185,"column":54},"end":{"line":185,"column":67}},{"start":{"line":185,"column":70},"end":{"line":185,"column":93}}],"line":185},"15":{"loc":{"start":{"line":186,"column":22},"end":{"line":186,"column":93}},"type":"cond-expr","locations":[{"start":{"line":186,"column":54},"end":{"line":186,"column":67}},{"start":{"line":186,"column":70},"end":{"line":186,"column":93}}],"line":186},"16":{"loc":{"start":{"line":224,"column":6},"end":{"line":226,"column":7}},"type":"if","locations":[{"start":{"line":224,"column":6},"end":{"line":226,"column":7}},{"start":{},"end":{}}],"line":224},"17":{"loc":{"start":{"line":225,"column":24},"end":{"line":225,"column":66}},"type":"binary-expr","locations":[{"start":{"line":225,"column":24},"end":{"line":225,"column":36}},{"start":{"line":225,"column":40},"end":{"line":225,"column":66}}],"line":225},"18":{"loc":{"start":{"line":242,"column":27},"end":{"line":242,"column":89}},"type":"binary-expr","locations":[{"start":{"line":242,"column":27},"end":{"line":242,"column":40}},{"start":{"line":242,"column":44},"end":{"line":242,"column":89}}],"line":242},"19":{"loc":{"start":{"line":269,"column":20},"end":{"line":269,"column":110}},"type":"cond-expr","locations":[{"start":{"line":269,"column":54},"end":{"line":269,"column":81}},{"start":{"line":269,"column":84},"end":{"line":269,"column":110}}],"line":269},"20":{"loc":{"start":{"line":350,"column":20},"end":{"line":350,"column":109}},"type":"cond-expr","locations":[{"start":{"line":350,"column":51},"end":{"line":350,"column":79}},{"start":{"line":350,"column":82},"end":{"line":350,"column":109}}],"line":350},"21":{"loc":{"start":{"line":356,"column":20},"end":{"line":356,"column":109}},"type":"cond-expr","locations":[{"start":{"line":356,"column":51},"end":{"line":356,"column":79}},{"start":{"line":356,"column":82},"end":{"line":356,"column":109}}],"line":356},"22":{"loc":{"start":{"line":385,"column":41},"end":{"line":385,"column":79}},"type":"binary-expr","locations":[{"start":{"line":385,"column":41},"end":{"line":385,"column":48}},{"start":{"line":385,"column":52},"end":{"line":385,"column":79}}],"line":385},"23":{"loc":{"start":{"line":390,"column":15},"end":{"line":390,"column":60}},"type":"cond-expr","locations":[{"start":{"line":390,"column":25},"end":{"line":390,"column":44}},{"start":{"line":390,"column":47},"end":{"line":390,"column":60}}],"line":390}},"s":{"0":0,"1":0,"2":0,"3":0,"4":0,"5":0,"6":0,"7":0,"8":0,"9":0,"10":0,"11":0,"12":0,"13":0,"14":0,"15":0,"16":0,"17":0,"18":0,"19":0,"20":0,"21":0,"22":0,"23":0,"24":0,"25":0,"26":0,"27":0,"28":0,"29":0,"30":0,"31":0,"32":0,"33":0,"34":0,"35":0,"36":0,"37":0,"38":0,"39":0,"40":0,"41":0,"42":0,"43":0,"44":0,"45":0,"46":0,"47":0,"48":0,"49":0,"50":0,"51":0,"52":0,"53":0,"54":0,"55":0,"56":0,"57":0,"58":0,"59":0,"60":0,"61":0,"62":0,"63":0,"64":0,"65":0,"66":0,"67":0,"68":0,"69":0,"70":0,"71":0,"72":0,"73":0,"74":0,"75":0,"76":0,"77":0,"78":0,"79":0,"80":0,"81":0,"82":0,"83":0,"84":0,"85":0,"86":0,"87":0,"88":0,"89":0,"90":0,"91":0,"92":0,"93":0,"94":0,"95":0,"96":0,"97":0,"98":0,"99":0,"100":0,"101":0,"102":0,"103":0,"104":0,"105":0,"106":0,"107":0,"108":0,"109":0,"110":0,"111":0,"112":0,"113":0,"114":0,"115":0,"116":0,"117":0,"118":0,"119":0,"120":0},"f":{"0":0,"1":0,"2":0,"3":0,"4":0,"5":0,"6":0,"7":0,"8":0,"9":0,"10":0,"11":0,"12":0,"13":0,"14":0,"15":0,"16":0,"17":0,"18":0,"19":0,"20":0,"21":0,"22":0,"23":0,"24":0,"25":0,"26":0,"27":0,"28":0,"29":0,"30":0,"31":0,"32":0,"33":0,"34":0,"35":0,"36":0},"b":{"0":[0,0,0,0],"1":[0,0],"2":[0,0],"3":[0,0],"4":[0,0],"5":[0,0],"6":[0,0],"7":[0,0],"8":[0,0],"9":[0,0],"10":[0,0],"11":[0,0],"12":[0,0],"13":[0,0],"14":[0,0],"15":[0,0],"16":[0,0],"17":[0,0],"18":[0,0],"19":[0,0],"20":[0,0],"21":[0,0],"22":[0,0],"23":[0,0]}}
,"/Users/arielorellana/Documents/Mobile-Fitness-Tracker-App/app/(tabs)/Analytics.jsx": {"path":"/Users/arielorellana/Documents/Mobile-Fitness-Tracker-App/app/(tabs)/Analytics.jsx","statementMap":{"0":{"start":{"line":14,"column":13},"end":{"line":18,"column":1}},"1":{"start":{"line":15,"column":2},"end":{"line":17,"column":9}},"2":{"start":{"line":20,"column":20},"end":{"line":24,"column":1}},"3":{"start":{"line":21,"column":2},"end":{"line":23,"column":9}},"4":{"start":{"line":26,"column":14},"end":{"line":30,"column":1}},"5":{"start":{"line":27,"column":2},"end":{"line":29,"column":9}},"6":{"start":{"line":33,"column":26},"end":{"line":33,"column":60}},"7":{"start":{"line":33,"column":49},"end":{"line":33,"column":59}},"8":{"start":{"line":35,"column":40},"end":{"line":35,"column":52}},"9":{"start":{"line":36,"column":36},"end":{"line":36,"column":48}},"10":{"start":{"line":37,"column":32},"end":{"line":37,"column":46}},"11":{"start":{"line":38,"column":40},"end":{"line":38,"column":51}},"12":{"start":{"line":39,"column":42},"end":{"line":39,"column":86}},"13":{"start":{"line":40,"column":38},"end":{"line":40,"column":81}},"14":{"start":{"line":43,"column":4},"end":{"line":46,"column":30}},"15":{"start":{"line":48,"column":28},"end":{"line":55,"column":3}},"16":{"start":{"line":58,"column":2},"end":{"line":258,"column":4}},"17":{"start":{"line":60,"column":35},"end":{"line":254,"column":7}},"18":{"start":{"line":61,"column":8},"end":{"line":253,"column":9}},"19":{"start":{"line":62,"column":10},"end":{"line":62,"column":27}},"20":{"start":{"line":63,"column":27},"end":{"line":70,"column":11}},"21":{"start":{"line":72,"column":10},"end":{"line":248,"column":11}},"22":{"start":{"line":73,"column":25},"end":{"line":73,"column":46}},"23":{"start":{"line":76,"column":24},"end":{"line":76,"column":34}},"24":{"start":{"line":77,"column":27},"end":{"line":77,"column":29}},"25":{"start":{"line":78,"column":12},"end":{"line":86,"column":13}},"26":{"start":{"line":78,"column":25},"end":{"line":78,"column":26}},"27":{"start":{"line":79,"column":27},"end":{"line":79,"column":77}},"28":{"start":{"line":80,"column":14},"end":{"line":85,"column":17}},"29":{"start":{"line":89,"column":12},"end":{"line":98,"column":15}},"30":{"start":{"line":90,"column":34},"end":{"line":90,"column":56}},"31":{"start":{"line":91,"column":33},"end":{"line":94,"column":15}},"32":{"start":{"line":92,"column":16},"end":{"line":93,"column":50}},"33":{"start":{"line":95,"column":14},"end":{"line":97,"column":15}},"34":{"start":{"line":96,"column":16},"end":{"line":96,"column":43}},"35":{"start":{"line":100,"column":12},"end":{"line":100,"column":35}},"36":{"start":{"line":103,"column":38},"end":{"line":103,"column":53}},"37":{"start":{"line":104,"column":35},"end":{"line":104,"column":50}},"38":{"start":{"line":106,"column":12},"end":{"line":113,"column":13}},"39":{"start":{"line":107,"column":36},"end":{"line":107,"column":97}},"40":{"start":{"line":108,"column":14},"end":{"line":108,"column":56}},"41":{"start":{"line":109,"column":19},"end":{"line":113,"column":13}},"42":{"start":{"line":110,"column":14},"end":{"line":110,"column":34}},"43":{"start":{"line":112,"column":14},"end":{"line":112,"column":32}},"44":{"start":{"line":116,"column":33},"end":{"line":116,"column":47}},"45":{"start":{"line":117,"column":32},"end":{"line":117,"column":49}},"46":{"start":{"line":118,"column":30},"end":{"line":118,"column":72}},"47":{"start":{"line":119,"column":34},"end":{"line":119,"column":84}},"48":{"start":{"line":121,"column":31},"end":{"line":124,"column":13}},"49":{"start":{"line":126,"column":12},"end":{"line":137,"column":15}},"50":{"start":{"line":127,"column":34},"end":{"line":127,"column":56}},"51":{"start":{"line":128,"column":35},"end":{"line":128,"column":57}},"52":{"start":{"line":129,"column":34},"end":{"line":129,"column":59}},"53":{"start":{"line":130,"column":27},"end":{"line":130,"column":39}},"54":{"start":{"line":132,"column":14},"end":{"line":136,"column":15}},"55":{"start":{"line":133,"column":16},"end":{"line":133,"column":83}},"56":{"start":{"line":134,"column":21},"end":{"line":136,"column":15}},"57":{"start":{"line":135,"column":16},"end":{"line":135,"column":83}},"58":{"start":{"line":140,"column":30},"end":{"line":140,"column":100}},"59":{"start":{"line":141,"column":34},"end":{"line":146,"column":72}},"60":{"start":{"line":141,"column":57},"end":{"line":146,"column":13}},"61":{"start":{"line":146,"column":31},"end":{"line":146,"column":71}},"62":{"start":{"line":148,"column":12},"end":{"line":148,"column":40}},"63":{"start":{"line":151,"column":30},"end":{"line":151,"column":31}},"64":{"start":{"line":152,"column":31},"end":{"line":152,"column":33}},"65":{"start":{"line":154,"column":12},"end":{"line":168,"column":15}},"66":{"start":{"line":155,"column":14},"end":{"line":167,"column":15}},"67":{"start":{"line":156,"column":33},"end":{"line":156,"column":91}},"68":{"start":{"line":157,"column":16},"end":{"line":160,"column":17}},"69":{"start":{"line":158,"column":18},"end":{"line":158,"column":41}},"70":{"start":{"line":159,"column":18},"end":{"line":159,"column":43}},"71":{"start":{"line":161,"column":21},"end":{"line":167,"column":15}},"72":{"start":{"line":162,"column":33},"end":{"line":162,"column":36}},"73":{"start":{"line":163,"column":16},"end":{"line":166,"column":17}},"74":{"start":{"line":164,"column":18},"end":{"line":164,"column":41}},"75":{"start":{"line":165,"column":18},"end":{"line":165,"column":43}},"76":{"start":{"line":170,"column":12},"end":{"line":177,"column":13}},"77":{"start":{"line":171,"column":14},"end":{"line":174,"column":17}},"78":{"start":{"line":176,"column":14},"end":{"line":176,"column":60}},"79":{"start":{"line":180,"column":35},"end":{"line":182,"column":36}},"80":{"start":{"line":181,"column":24},"end":{"line":181,"column":40}},"81":{"start":{"line":182,"column":30},"end":{"line":182,"column":35}},"82":{"start":{"line":184,"column":32},"end":{"line":184,"column":33}},"83":{"start":{"line":185,"column":28},"end":{"line":185,"column":29}},"84":{"start":{"line":186,"column":30},"end":{"line":186,"column":34}},"85":{"start":{"line":187,"column":28},"end":{"line":187,"column":32}},"86":{"start":{"line":188,"column":34},"end":{"line":188,"column":38}},"87":{"start":{"line":189,"column":32},"end":{"line":189,"column":36}},"88":{"start":{"line":191,"column":12},"end":{"line":212,"column":13}},"89":{"start":{"line":191,"column":25},"end":{"line":191,"column":26}},"90":{"start":{"line":192,"column":14},"end":{"line":211,"column":15}},"91":{"start":{"line":193,"column":16},"end":{"line":193,"column":34}},"92":{"start":{"line":194,"column":16},"end":{"line":194,"column":48}},"93":{"start":{"line":195,"column":16},"end":{"line":195,"column":46}},"94":{"start":{"line":197,"column":33},"end":{"line":197,"column":112}},"95":{"start":{"line":198,"column":16},"end":{"line":210,"column":17}},"96":{"start":{"line":199,"column":18},"end":{"line":199,"column":34}},"97":{"start":{"line":200,"column":18},"end":{"line":200,"column":48}},"98":{"start":{"line":202,"column":18},"end":{"line":206,"column":19}},"99":{"start":{"line":203,"column":20},"end":{"line":203,"column":46}},"100":{"start":{"line":204,"column":20},"end":{"line":204,"column":50}},"101":{"start":{"line":205,"column":20},"end":{"line":205,"column":46}},"102":{"start":{"line":207,"column":18},"end":{"line":207,"column":36}},"103":{"start":{"line":208,"column":18},"end":{"line":208,"column":50}},"104":{"start":{"line":209,"column":18},"end":{"line":209,"column":48}},"105":{"start":{"line":214,"column":12},"end":{"line":218,"column":13}},"106":{"start":{"line":215,"column":14},"end":{"line":215,"column":40}},"107":{"start":{"line":216,"column":14},"end":{"line":216,"column":44}},"108":{"start":{"line":217,"column":14},"end":{"line":217,"column":40}},"109":{"start":{"line":220,"column":12},"end":{"line":247,"column":13}},"110":{"start":{"line":221,"column":28},"end":{"line":221,"column":38}},"111":{"start":{"line":222,"column":37},"end":{"line":222,"column":87}},"112":{"start":{"line":223,"column":37},"end":{"line":223,"column":91}},"113":{"start":{"line":224,"column":35},"end":{"line":224,"column":85}},"114":{"start":{"line":226,"column":34},"end":{"line":226,"column":60}},"115":{"start":{"line":227,"column":33},"end":{"line":227,"column":62}},"116":{"start":{"line":228,"column":35},"end":{"line":228,"column":51}},"117":{"start":{"line":229,"column":34},"end":{"line":229,"column":53}},"118":{"start":{"line":233,"column":14},"end":{"line":242,"column":15}},"119":{"start":{"line":234,"column":16},"end":{"line":234,"column":38}},"120":{"start":{"line":235,"column":21},"end":{"line":242,"column":15}},"121":{"start":{"line":236,"column":16},"end":{"line":236,"column":38}},"122":{"start":{"line":237,"column":21},"end":{"line":242,"column":15}},"123":{"start":{"line":239,"column":16},"end":{"line":239,"column":38}},"124":{"start":{"line":241,"column":16},"end":{"line":241,"column":105}},"125":{"start":{"line":244,"column":14},"end":{"line":244,"column":65}},"126":{"start":{"line":246,"column":14},"end":{"line":246,"column":67}},"127":{"start":{"line":250,"column":10},"end":{"line":250,"column":67}},"128":{"start":{"line":252,"column":10},"end":{"line":252,"column":28}},"129":{"start":{"line":256,"column":6},"end":{"line":256,"column":29}},"130":{"start":{"line":260,"column":22},"end":{"line":289,"column":3}},"131":{"start":{"line":261,"column":4},"end":{"line":267,"column":5}},"132":{"start":{"line":262,"column":6},"end":{"line":266,"column":8}},"133":{"start":{"line":269,"column":21},"end":{"line":269,"column":66}},"134":{"start":{"line":269,"column":54},"end":{"line":269,"column":61}},"135":{"start":{"line":270,"column":22},"end":{"line":270,"column":25}},"136":{"start":{"line":272,"column":4},"end":{"line":288,"column":6}},"137":{"start":{"line":275,"column":25},"end":{"line":275,"column":83}},"138":{"start":{"line":276,"column":10},"end":{"line":280,"column":12}},"139":{"start":{"line":284,"column":12},"end":{"line":284,"column":80}},"140":{"start":{"line":291,"column":2},"end":{"line":420,"column":4}},"141":{"start":{"line":347,"column":35},"end":{"line":347,"column":105}},"142":{"start":{"line":347,"column":66},"end":{"line":347,"column":100}},"143":{"start":{"line":348,"column":18},"end":{"line":381,"column":20}},"144":{"start":{"line":423,"column":15},"end":{"line":710,"column":2}}},"fnMap":{"0":{"name":"(anonymous_0)","decl":{"start":{"line":14,"column":13},"end":{"line":14,"column":14}},"loc":{"start":{"line":15,"column":2},"end":{"line":17,"column":9}},"line":15},"1":{"name":"(anonymous_1)","decl":{"start":{"line":20,"column":20},"end":{"line":20,"column":21}},"loc":{"start":{"line":21,"column":2},"end":{"line":23,"column":9}},"line":21},"2":{"name":"(anonymous_2)","decl":{"start":{"line":26,"column":14},"end":{"line":26,"column":15}},"loc":{"start":{"line":27,"column":2},"end":{"line":29,"column":9}},"line":27},"3":{"name":"Analytics","decl":{"start":{"line":32,"column":24},"end":{"line":32,"column":33}},"loc":{"start":{"line":32,"column":36},"end":{"line":421,"column":1}},"line":32},"4":{"name":"(anonymous_4)","decl":{"start":{"line":33,"column":38},"end":{"line":33,"column":39}},"loc":{"start":{"line":33,"column":49},"end":{"line":33,"column":59}},"line":33},"5":{"name":"(anonymous_5)","decl":{"start":{"line":59,"column":16},"end":{"line":59,"column":17}},"loc":{"start":{"line":59,"column":22},"end":{"line":257,"column":5}},"line":59},"6":{"name":"(anonymous_6)","decl":{"start":{"line":60,"column":35},"end":{"line":60,"column":36}},"loc":{"start":{"line":60,"column":47},"end":{"line":254,"column":7}},"line":60},"7":{"name":"(anonymous_7)","decl":{"start":{"line":89,"column":34},"end":{"line":89,"column":35}},"loc":{"start":{"line":89,"column":45},"end":{"line":98,"column":13}},"line":89},"8":{"name":"(anonymous_8)","decl":{"start":{"line":91,"column":50},"end":{"line":91,"column":51}},"loc":{"start":{"line":92,"column":16},"end":{"line":93,"column":50}},"line":92},"9":{"name":"(anonymous_9)","decl":{"start":{"line":126,"column":34},"end":{"line":126,"column":35}},"loc":{"start":{"line":126,"column":45},"end":{"line":137,"column":13}},"line":126},"10":{"name":"(anonymous_10)","decl":{"start":{"line":141,"column":48},"end":{"line":141,"column":49}},"loc":{"start":{"line":141,"column":57},"end":{"line":146,"column":13}},"line":141},"11":{"name":"(anonymous_11)","decl":{"start":{"line":146,"column":23},"end":{"line":146,"column":24}},"loc":{"start":{"line":146,"column":31},"end":{"line":146,"column":71}},"line":146},"12":{"name":"(anonymous_12)","decl":{"start":{"line":154,"column":34},"end":{"line":154,"column":35}},"loc":{"start":{"line":154,"column":42},"end":{"line":168,"column":13}},"line":154},"13":{"name":"(anonymous_13)","decl":{"start":{"line":181,"column":19},"end":{"line":181,"column":20}},"loc":{"start":{"line":181,"column":24},"end":{"line":181,"column":40}},"line":181},"14":{"name":"(anonymous_14)","decl":{"start":{"line":182,"column":20},"end":{"line":182,"column":21}},"loc":{"start":{"line":182,"column":30},"end":{"line":182,"column":35}},"line":182},"15":{"name":"(anonymous_15)","decl":{"start":{"line":260,"column":22},"end":{"line":260,"column":23}},"loc":{"start":{"line":260,"column":28},"end":{"line":289,"column":3}},"line":260},"16":{"name":"(anonymous_16)","decl":{"start":{"line":269,"column":49},"end":{"line":269,"column":50}},"loc":{"start":{"line":269,"column":54},"end":{"line":269,"column":61}},"line":269},"17":{"name":"(anonymous_17)","decl":{"start":{"line":274,"column":25},"end":{"line":274,"column":26}},"loc":{"start":{"line":274,"column":43},"end":{"line":281,"column":9}},"line":274},"18":{"name":"(anonymous_18)","decl":{"start":{"line":283,"column":27},"end":{"line":283,"column":28}},"loc":{"start":{"line":284,"column":12},"end":{"line":284,"column":80}},"line":284},"19":{"name":"(anonymous_19)","decl":{"start":{"line":346,"column":31},"end":{"line":346,"column":32}},"loc":{"start":{"line":346,"column":52},"end":{"line":382,"column":17}},"line":346},"20":{"name":"(anonymous_20)","decl":{"start":{"line":347,"column":61},"end":{"line":347,"column":62}},"loc":{"start":{"line":347,"column":66},"end":{"line":347,"column":100}},"line":347}},"branchMap":{"0":{"loc":{"start":{"line":43,"column":4},"end":{"line":46,"column":30}},"type":"binary-expr","locations":[{"start":{"line":43,"column":4},"end":{"line":43,"column":35}},{"start":{"line":44,"column":4},"end":{"line":44,"column":39}},{"start":{"line":45,"column":4},"end":{"line":45,"column":37}},{"start":{"line":46,"column":4},"end":{"line":46,"column":30}}],"line":43},"1":{"loc":{"start":{"line":72,"column":10},"end":{"line":248,"column":11}},"type":"if","locations":[{"start":{"line":72,"column":10},"end":{"line":248,"column":11}},{"start":{},"end":{}}],"line":72},"2":{"loc":{"start":{"line":92,"column":16},"end":{"line":93,"column":50}},"type":"binary-expr","locations":[{"start":{"line":92,"column":16},"end":{"line":92,"column":52}},{"start":{"line":93,"column":16},"end":{"line":93,"column":50}}],"line":92},"3":{"loc":{"start":{"line":95,"column":14},"end":{"line":97,"column":15}},"type":"if","locations":[{"start":{"line":95,"column":14},"end":{"line":97,"column":15}},{"start":{},"end":{}}],"line":95},"4":{"loc":{"start":{"line":106,"column":12},"end":{"line":113,"column":13}},"type":"if","locations":[{"start":{"line":106,"column":12},"end":{"line":113,"column":13}},{"start":{"line":109,"column":19},"end":{"line":113,"column":13}}],"line":106},"5":{"loc":{"start":{"line":109,"column":19},"end":{"line":113,"column":13}},"type":"if","locations":[{"start":{"line":109,"column":19},"end":{"line":113,"column":13}},{"start":{"line":111,"column":19},"end":{"line":113,"column":13}}],"line":109},"6":{"loc":{"start":{"line":118,"column":30},"end":{"line":118,"column":72}},"type":"cond-expr","locations":[{"start":{"line":118,"column":51},"end":{"line":118,"column":53}},{"start":{"line":118,"column":56},"end":{"line":118,"column":72}}],"line":118},"7":{"loc":{"start":{"line":119,"column":34},"end":{"line":119,"column":84}},"type":"cond-expr","locations":[{"start":{"line":119,"column":55},"end":{"line":119,"column":70}},{"start":{"line":119,"column":73},"end":{"line":119,"column":84}}],"line":119},"8":{"loc":{"start":{"line":132,"column":14},"end":{"line":136,"column":15}},"type":"if","locations":[{"start":{"line":132,"column":14},"end":{"line":136,"column":15}},{"start":{"line":134,"column":21},"end":{"line":136,"column":15}}],"line":132},"9":{"loc":{"start":{"line":132,"column":18},"end":{"line":132,"column":78}},"type":"binary-expr","locations":[{"start":{"line":132,"column":18},"end":{"line":132,"column":47}},{"start":{"line":132,"column":51},"end":{"line":132,"column":78}}],"line":132},"10":{"loc":{"start":{"line":133,"column":46},"end":{"line":133,"column":77}},"type":"binary-expr","locations":[{"start":{"line":133,"column":46},"end":{"line":133,"column":72}},{"start":{"line":133,"column":76},"end":{"line":133,"column":77}}],"line":133},"11":{"loc":{"start":{"line":134,"column":21},"end":{"line":136,"column":15}},"type":"if","locations":[{"start":{"line":134,"column":21},"end":{"line":136,"column":15}},{"start":{},"end":{}}],"line":134},"12":{"loc":{"start":{"line":134,"column":25},"end":{"line":134,"column":84}},"type":"binary-expr","locations":[{"start":{"line":134,"column":25},"end":{"line":134,"column":51}},{"start":{"line":134,"column":55},"end":{"line":134,"column":84}}],"line":134},"13":{"loc":{"start":{"line":135,"column":46},"end":{"line":135,"column":77}},"type":"binary-expr","locations":[{"start":{"line":135,"column":46},"end":{"line":135,"column":72}},{"start":{"line":135,"column":76},"end":{"line":135,"column":77}}],"line":135},"14":{"loc":{"start":{"line":143,"column":25},"end":{"line":143,"column":56}},"type":"binary-expr","locations":[{"start":{"line":143,"column":25},"end":{"line":143,"column":51}},{"start":{"line":143,"column":55},"end":{"line":143,"column":56}}],"line":143},"15":{"loc":{"start":{"line":144,"column":25},"end":{"line":144,"column":56}},"type":"binary-expr","locations":[{"start":{"line":144,"column":25},"end":{"line":144,"column":51}},{"start":{"line":144,"column":55},"end":{"line":144,"column":56}}],"line":144},"16":{"loc":{"start":{"line":146,"column":31},"end":{"line":146,"column":71}},"type":"binary-expr","locations":[{"start":{"line":146,"column":31},"end":{"line":146,"column":49}},{"start":{"line":146,"column":53},"end":{"line":146,"column":71}}],"line":146},"17":{"loc":{"start":{"line":155,"column":14},"end":{"line":167,"column":15}},"type":"if","locations":[{"start":{"line":155,"column":14},"end":{"line":167,"column":15}},{"start":{"line":161,"column":21},"end":{"line":167,"column":15}}],"line":155},"18":{"loc":{"start":{"line":157,"column":16},"end":{"line":160,"column":17}},"type":"if","locations":[{"start":{"line":157,"column":16},"end":{"line":160,"column":17}},{"start":{},"end":{}}],"line":157},"19":{"loc":{"start":{"line":161,"column":21},"end":{"line":167,"column":15}},"type":"if","locations":[{"start":{"line":161,"column":21},"end":{"line":167,"column":15}},{"start":{},"end":{}}],"line":161},"20":{"loc":{"start":{"line":161,"column":25},"end":{"line":161,"column":67}},"type":"binary-expr","locations":[{"start":{"line":161,"column":25},"end":{"line":161,"column":43}},{"start":{"line":161,"column":47},"end":{"line":161,"column":67}}],"line":161},"21":{"loc":{"start":{"line":163,"column":16},"end":{"line":166,"column":17}},"type":"if","locations":[{"start":{"line":163,"column":16},"end":{"line":166,"column":17}},{"start":{},"end":{}}],"line":163},"22":{"loc":{"start":{"line":170,"column":12},"end":{"line":177,"column":13}},"type":"if","locations":[{"start":{"line":170,"column":12},"end":{"line":177,"column":13}},{"start":{"line":175,"column":19},"end":{"line":177,"column":13}}],"line":170},"23":{"loc":{"start":{"line":192,"column":14},"end":{"line":211,"column":15}},"type":"if","locations":[{"start":{"line":192,"column":14},"end":{"line":211,"column":15}},{"start":{"line":196,"column":21},"end":{"line":211,"column":15}}],"line":192},"24":{"loc":{"start":{"line":198,"column":16},"end":{"line":210,"column":17}},"type":"if","locations":[{"start":{"line":198,"column":16},"end":{"line":210,"column":17}},{"start":{"line":201,"column":23},"end":{"line":210,"column":17}}],"line":198},"25":{"loc":{"start":{"line":202,"column":18},"end":{"line":206,"column":19}},"type":"if","locations":[{"start":{"line":202,"column":18},"end":{"line":206,"column":19}},{"start":{},"end":{}}],"line":202},"26":{"loc":{"start":{"line":214,"column":12},"end":{"line":218,"column":13}},"type":"if","locations":[{"start":{"line":214,"column":12},"end":{"line":218,"column":13}},{"start":{},"end":{}}],"line":214},"27":{"loc":{"start":{"line":220,"column":12},"end":{"line":247,"column":13}},"type":"if","locations":[{"start":{"line":220,"column":12},"end":{"line":247,"column":13}},{"start":{"line":245,"column":19},"end":{"line":247,"column":13}}],"line":220},"28":{"loc":{"start":{"line":220,"column":16},"end":{"line":220,"column":65}},"type":"binary-expr","locations":[{"start":{"line":220,"column":16},"end":{"line":220,"column":29}},{"start":{"line":220,"column":33},"end":{"line":220,"column":48}},{"start":{"line":220,"column":52},"end":{"line":220,"column":65}}],"line":220},"29":{"loc":{"start":{"line":233,"column":14},"end":{"line":242,"column":15}},"type":"if","locations":[{"start":{"line":233,"column":14},"end":{"line":242,"column":15}},{"start":{"line":235,"column":21},"end":{"line":242,"column":15}}],"line":233},"30":{"loc":{"start":{"line":233,"column":18},"end":{"line":233,"column":76}},"type":"binary-expr","locations":[{"start":{"line":233,"column":18},"end":{"line":233,"column":46}},{"start":{"line":233,"column":50},"end":{"line":233,"column":76}}],"line":233},"31":{"loc":{"start":{"line":235,"column":21},"end":{"line":242,"column":15}},"type":"if","locations":[{"start":{"line":235,"column":21},"end":{"line":242,"column":15}},{"start":{"line":237,"column":21},"end":{"line":242,"column":15}}],"line":235},"32":{"loc":{"start":{"line":235,"column":25},"end":{"line":235,"column":87}},"type":"binary-expr","locations":[{"start":{"line":235,"column":25},"end":{"line":235,"column":57}},{"start":{"line":235,"column":61},"end":{"line":235,"column":87}}],"line":235},"33":{"loc":{"start":{"line":237,"column":21},"end":{"line":242,"column":15}},"type":"if","locations":[{"start":{"line":237,"column":21},"end":{"line":242,"column":15}},{"start":{"line":240,"column":21},"end":{"line":242,"column":15}}],"line":237},"34":{"loc":{"start":{"line":237,"column":25},"end":{"line":237,"column":99}},"type":"binary-expr","locations":[{"start":{"line":237,"column":25},"end":{"line":237,"column":43}},{"start":{"line":237,"column":47},"end":{"line":237,"column":65}},{"start":{"line":237,"column":69},"end":{"line":237,"column":99}}],"line":237},"35":{"loc":{"start":{"line":261,"column":4},"end":{"line":267,"column":5}},"type":"if","locations":[{"start":{"line":261,"column":4},"end":{"line":267,"column":5}},{"start":{},"end":{}}],"line":261},"36":{"loc":{"start":{"line":275,"column":25},"end":{"line":275,"column":83}},"type":"cond-expr","locations":[{"start":{"line":275,"column":43},"end":{"line":275,"column":79}},{"start":{"line":275,"column":82},"end":{"line":275,"column":83}}],"line":275},"37":{"loc":{"start":{"line":278,"column":55},"end":{"line":278,"column":66}},"type":"binary-expr","locations":[{"start":{"line":278,"column":55},"end":{"line":278,"column":61}},{"start":{"line":278,"column":65},"end":{"line":278,"column":66}}],"line":278},"38":{"loc":{"start":{"line":315,"column":18},"end":{"line":315,"column":55}},"type":"binary-expr","locations":[{"start":{"line":315,"column":18},"end":{"line":315,"column":33}},{"start":{"line":315,"column":37},"end":{"line":315,"column":55}}],"line":315},"39":{"loc":{"start":{"line":318,"column":26},"end":{"line":318,"column":70}},"type":"cond-expr","locations":[{"start":{"line":318,"column":45},"end":{"line":318,"column":55}},{"start":{"line":318,"column":58},"end":{"line":318,"column":70}}],"line":318},"40":{"loc":{"start":{"line":320,"column":27},"end":{"line":320,"column":67}},"type":"cond-expr","locations":[{"start":{"line":320,"column":46},"end":{"line":320,"column":55}},{"start":{"line":320,"column":58},"end":{"line":320,"column":67}}],"line":320},"41":{"loc":{"start":{"line":324,"column":19},"end":{"line":324,"column":46}},"type":"cond-expr","locations":[{"start":{"line":324,"column":38},"end":{"line":324,"column":41}},{"start":{"line":324,"column":44},"end":{"line":324,"column":46}}],"line":324},"42":{"loc":{"start":{"line":328,"column":17},"end":{"line":330,"column":30}},"type":"cond-expr","locations":[{"start":{"line":329,"column":20},"end":{"line":329,"column":68}},{"start":{"line":330,"column":20},"end":{"line":330,"column":30}}],"line":328},"43":{"loc":{"start":{"line":342,"column":13},"end":{"line":386,"column":13}},"type":"cond-expr","locations":[{"start":{"line":343,"column":14},"end":{"line":343,"column":64}},{"start":{"line":344,"column":16},"end":{"line":386,"column":13}}],"line":342},"44":{"loc":{"start":{"line":344,"column":16},"end":{"line":386,"column":13}},"type":"cond-expr","locations":[{"start":{"line":345,"column":14},"end":{"line":383,"column":21}},{"start":{"line":385,"column":14},"end":{"line":385,"column":107}}],"line":344},"45":{"loc":{"start":{"line":399,"column":15},"end":{"line":403,"column":15}},"type":"cond-expr","locations":[{"start":{"line":400,"column":16},"end":{"line":400,"column":94}},{"start":{"line":402,"column":16},"end":{"line":402,"column":75}}],"line":399},"46":{"loc":{"start":{"line":412,"column":64},"end":{"line":412,"column":102}},"type":"cond-expr","locations":[{"start":{"line":412,"column":88},"end":{"line":412,"column":93}},{"start":{"line":412,"column":96},"end":{"line":412,"column":102}}],"line":412}},"s":{"0":0,"1":0,"2":0,"3":0,"4":0,"5":0,"6":0,"7":0,"8":0,"9":0,"10":0,"11":0,"12":0,"13":0,"14":0,"15":0,"16":0,"17":0,"18":0,"19":0,"20":0,"21":0,"22":0,"23":0,"24":0,"25":0,"26":0,"27":0,"28":0,"29":0,"30":0,"31":0,"32":0,"33":0,"34":0,"35":0,"36":0,"37":0,"38":0,"39":0,"40":0,"41":0,"42":0,"43":0,"44":0,"45":0,"46":0,"47":0,"48":0,"49":0,"50":0,"51":0,"52":0,"53":0,"54":0,"55":0,"56":0,"57":0,"58":0,"59":0,"60":0,"61":0,"62":0,"63":0,"64":0,"65":0,"66":0,"67":0,"68":0,"69":0,"70":0,"71":0,"72":0,"73":0,"74":0,"75":0,"76":0,"77":0,"78":0,"79":0,"80":0,"81":0,"82":0,"83":0,"84":0,"85":0,"86":0,"87":0,"88":0,"89":0,"90":0,"91":0,"92":0,"93":0,"94":0,"95":0,"96":0,"97":0,"98":0,"99":0,"100":0,"101":0,"102":0,"103":0,"104":0,"105":0,"106":0,"107":0,"108":0,"109":0,"110":0,"111":0,"112":0,"113":0,"114":0,"115":0,"116":0,"117":0,"118":0,"119":0,"120":0,"121":0,"122":0,"123":0,"124":0,"125":0,"126":0,"127":0,"128":0,"129":0,"130":0,"131":0,"132":0,"133":0,"134":0,"135":0,"136":0,"137":0,"138":0,"139":0,"140":0,"141":0,"142":0,"143":0,"144":0},"f":{"0":0,"1":0,"2":0,"3":0,"4":0,"5":0,"6":0,"7":0,"8":0,"9":0,"10":0,"11":0,"12":0,"13":0,"14":0,"15":0,"16":0,"17":0,"18":0,"19":0,"20":0},"b":{"0":[0,0,0,0],"1":[0,0],"2":[0,0],"3":[0,0],"4":[0,0],"5":[0,0],"6":[0,0],"7":[0,0],"8":[0,0],"9":[0,0],"10":[0,0],"11":[0,0],"12":[0,0],"13":[0,0],"14":[0,0],"15":[0,0],"16":[0,0],"17":[0,0],"18":[0,0],"19":[0,0],"20":[0,0],"21":[0,0],"22":[0,0],"23":[0,0],"24":[0,0],"25":[0,0],"26":[0,0],"27":[0,0],"28":[0,0,0],"29":[0,0],"30":[0,0],"31":[0,0],"32":[0,0],"33":[0,0],"34":[0,0,0],"35":[0,0],"36":[0,0],"37":[0,0],"38":[0,0],"39":[0,0],"40":[0,0],"41":[0,0],"42":[0,0],"43":[0,0],"44":[0,0],"45":[0,0],"46":[0,0]}}
,"/Users/arielorellana/Documents/Mobile-Fitness-Tracker-App/app/(tabs)/Home.jsx": {"path":"/Users/arielorellana/Documents/Mobile-Fitness-Tracker-App/app/(tabs)/Home.jsx","statementMap":{"0":{"start":{"line":16,"column":18},"end":{"line":16,"column":42}},"1":{"start":{"line":19,"column":13},"end":{"line":23,"column":1}},"2":{"start":{"line":20,"column":2},"end":{"line":22,"column":9}},"3":{"start":{"line":25,"column":14},"end":{"line":34,"column":1}},"4":{"start":{"line":26,"column":21},"end":{"line":26,"column":90}},"5":{"start":{"line":27,"column":20},"end":{"line":27,"column":97}},"6":{"start":{"line":29,"column":2},"end":{"line":33,"column":4}},"7":{"start":{"line":36,"column":17},"end":{"line":43,"column":1}},"8":{"start":{"line":37,"column":24},"end":{"line":37,"column":55}},"9":{"start":{"line":38,"column":2},"end":{"line":42,"column":4}},"10":{"start":{"line":47,"column":26},"end":{"line":47,"column":60}},"11":{"start":{"line":47,"column":49},"end":{"line":47,"column":59}},"12":{"start":{"line":49,"column":52},"end":{"line":49,"column":63}},"13":{"start":{"line":50,"column":46},"end":{"line":50,"column":58}},"14":{"start":{"line":51,"column":46},"end":{"line":51,"column":58}},"15":{"start":{"line":52,"column":44},"end":{"line":52,"column":55}},"16":{"start":{"line":53,"column":56},"end":{"line":53,"column":67}},"17":{"start":{"line":54,"column":32},"end":{"line":54,"column":46}},"18":{"start":{"line":57,"column":4},"end":{"line":60,"column":30}},"19":{"start":{"line":63,"column":14},"end":{"line":63,"column":24}},"20":{"start":{"line":64,"column":23},"end":{"line":64,"column":37}},"21":{"start":{"line":65,"column":22},"end":{"line":65,"column":39}},"22":{"start":{"line":66,"column":25},"end":{"line":66,"column":77}},"23":{"start":{"line":67,"column":21},"end":{"line":67,"column":34}},"24":{"start":{"line":68,"column":26},"end":{"line":68,"column":53}},"25":{"start":{"line":71,"column":22},"end":{"line":71,"column":52}},"26":{"start":{"line":72,"column":24},"end":{"line":72,"column":41}},"27":{"start":{"line":73,"column":24},"end":{"line":73,"column":64}},"28":{"start":{"line":74,"column":29},"end":{"line":74,"column":91}},"29":{"start":{"line":77,"column":2},"end":{"line":248,"column":4}},"30":{"start":{"line":79,"column":35},"end":{"line":246,"column":5}},"31":{"start":{"line":80,"column":8},"end":{"line":245,"column":7}},"32":{"start":{"line":81,"column":10},"end":{"line":81,"column":27}},"33":{"start":{"line":83,"column":31},"end":{"line":83,"column":83}},"34":{"start":{"line":84,"column":29},"end":{"line":84,"column":97}},"35":{"start":{"line":87,"column":27},"end":{"line":94,"column":11}},"36":{"start":{"line":96,"column":10},"end":{"line":240,"column":11}},"37":{"start":{"line":97,"column":25},"end":{"line":97,"column":46}},"38":{"start":{"line":99,"column":31},"end":{"line":103,"column":13}},"39":{"start":{"line":101,"column":16},"end":{"line":101,"column":53}},"40":{"start":{"line":104,"column":40},"end":{"line":104,"column":55}},"41":{"start":{"line":105,"column":12},"end":{"line":105,"column":54}},"42":{"start":{"line":108,"column":31},"end":{"line":115,"column":13}},"43":{"start":{"line":118,"column":31},"end":{"line":118,"column":33}},"44":{"start":{"line":119,"column":12},"end":{"line":122,"column":15}},"45":{"start":{"line":120,"column":27},"end":{"line":120,"column":39}},"46":{"start":{"line":121,"column":14},"end":{"line":121,"column":61}},"47":{"start":{"line":125,"column":34},"end":{"line":125,"column":54}},"48":{"start":{"line":126,"column":30},"end":{"line":133,"column":48}},"49":{"start":{"line":127,"column":39},"end":{"line":132,"column":15}},"50":{"start":{"line":133,"column":30},"end":{"line":133,"column":47}},"51":{"start":{"line":135,"column":12},"end":{"line":135,"column":41}},"52":{"start":{"line":138,"column":40},"end":{"line":145,"column":13}},"53":{"start":{"line":147,"column":12},"end":{"line":239,"column":13}},"54":{"start":{"line":148,"column":30},"end":{"line":148,"column":62}},"55":{"start":{"line":151,"column":34},"end":{"line":153,"column":72}},"56":{"start":{"line":152,"column":42},"end":{"line":152,"column":73}},"57":{"start":{"line":153,"column":32},"end":{"line":153,"column":49}},"58":{"start":{"line":153,"column":66},"end":{"line":153,"column":71}},"59":{"start":{"line":156,"column":27},"end":{"line":156,"column":28}},"60":{"start":{"line":157,"column":28},"end":{"line":157,"column":38}},"61":{"start":{"line":158,"column":14},"end":{"line":158,"column":41}},"62":{"start":{"line":160,"column":14},"end":{"line":173,"column":15}},"63":{"start":{"line":160,"column":27},"end":{"line":160,"column":28}},"64":{"start":{"line":161,"column":36},"end":{"line":161,"column":60}},"65":{"start":{"line":162,"column":16},"end":{"line":162,"column":49}},"66":{"start":{"line":164,"column":37},"end":{"line":164,"column":52}},"67":{"start":{"line":165,"column":16},"end":{"line":165,"column":58}},"68":{"start":{"line":166,"column":16},"end":{"line":166,"column":50}},"69":{"start":{"line":168,"column":16},"end":{"line":172,"column":17}},"70":{"start":{"line":169,"column":18},"end":{"line":169,"column":27}},"71":{"start":{"line":171,"column":18},"end":{"line":171,"column":24}},"72":{"start":{"line":174,"column":14},"end":{"line":174,"column":39}},"73":{"start":{"line":177,"column":32},"end":{"line":177,"column":74}},"74":{"start":{"line":178,"column":36},"end":{"line":178,"column":86}},"75":{"start":{"line":180,"column":40},"end":{"line":183,"column":16}},"76":{"start":{"line":181,"column":36},"end":{"line":181,"column":52}},"77":{"start":{"line":182,"column":16},"end":{"line":182,"column":107}},"78":{"start":{"line":185,"column":42},"end":{"line":187,"column":20}},"79":{"start":{"line":186,"column":43},"end":{"line":186,"column":74}},"80":{"start":{"line":189,"column":36},"end":{"line":191,"column":53}},"81":{"start":{"line":193,"column":14},"end":{"line":193,"column":52}},"82":{"start":{"line":196,"column":37},"end":{"line":198,"column":28}},"83":{"start":{"line":197,"column":32},"end":{"line":197,"column":67}},"84":{"start":{"line":200,"column":35},"end":{"line":207,"column":15}},"85":{"start":{"line":209,"column":40},"end":{"line":236,"column":16}},"86":{"start":{"line":210,"column":36},"end":{"line":210,"column":58}},"87":{"start":{"line":211,"column":30},"end":{"line":211,"column":40}},"88":{"start":{"line":212,"column":16},"end":{"line":212,"column":43}},"89":{"start":{"line":213,"column":34},"end":{"line":213,"column":49}},"90":{"start":{"line":214,"column":16},"end":{"line":214,"column":55}},"91":{"start":{"line":217,"column":40},"end":{"line":217,"column":61}},"92":{"start":{"line":218,"column":16},"end":{"line":218,"column":53}},"93":{"start":{"line":220,"column":16},"end":{"line":226,"column":17}},"94":{"start":{"line":221,"column":18},"end":{"line":221,"column":38}},"95":{"start":{"line":222,"column":23},"end":{"line":226,"column":17}},"96":{"start":{"line":223,"column":18},"end":{"line":223,"column":42}},"97":{"start":{"line":225,"column":18},"end":{"line":225,"column":106}},"98":{"start":{"line":228,"column":16},"end":{"line":235,"column":18}},"99":{"start":{"line":238,"column":14},"end":{"line":238,"column":51}},"100":{"start":{"line":242,"column":8},"end":{"line":242,"column":65}},"101":{"start":{"line":244,"column":8},"end":{"line":244,"column":26}},"102":{"start":{"line":246,"column":12},"end":{"line":246,"column":35}},"103":{"start":{"line":251,"column":21},"end":{"line":251,"column":143}},"104":{"start":{"line":252,"column":27},"end":{"line":252,"column":71}},"105":{"start":{"line":254,"column":2},"end":{"line":450,"column":4}},"106":{"start":{"line":265,"column":27},"end":{"line":265,"column":53}},"107":{"start":{"line":311,"column":29},"end":{"line":311,"column":41}},"108":{"start":{"line":312,"column":36},"end":{"line":312,"column":38}},"109":{"start":{"line":313,"column":31},"end":{"line":313,"column":55}},"110":{"start":{"line":314,"column":38},"end":{"line":314,"column":58}},"111":{"start":{"line":316,"column":36},"end":{"line":316,"column":37}},"112":{"start":{"line":318,"column":16},"end":{"line":351,"column":18}},"113":{"start":{"line":331,"column":41},"end":{"line":331,"column":75}},"114":{"start":{"line":332,"column":44},"end":{"line":332,"column":70}},"115":{"start":{"line":334,"column":24},"end":{"line":345,"column":26}},"116":{"start":{"line":347,"column":22},"end":{"line":347,"column":53}},"117":{"start":{"line":348,"column":22},"end":{"line":348,"column":37}},"118":{"start":{"line":358,"column":16},"end":{"line":367,"column":23}},"119":{"start":{"line":384,"column":47},"end":{"line":384,"column":69}},"120":{"start":{"line":393,"column":14},"end":{"line":407,"column":21}},"121":{"start":{"line":453,"column":15},"end":{"line":800,"column":2}}},"fnMap":{"0":{"name":"(anonymous_0)","decl":{"start":{"line":19,"column":13},"end":{"line":19,"column":14}},"loc":{"start":{"line":20,"column":2},"end":{"line":22,"column":9}},"line":20},"1":{"name":"(anonymous_1)","decl":{"start":{"line":25,"column":14},"end":{"line":25,"column":15}},"loc":{"start":{"line":25,"column":60},"end":{"line":34,"column":1}},"line":25},"2":{"name":"(anonymous_2)","decl":{"start":{"line":36,"column":17},"end":{"line":36,"column":18}},"loc":{"start":{"line":36,"column":49},"end":{"line":43,"column":1}},"line":36},"3":{"name":"Home","decl":{"start":{"line":45,"column":24},"end":{"line":45,"column":28}},"loc":{"start":{"line":45,"column":31},"end":{"line":451,"column":1}},"line":45},"4":{"name":"(anonymous_4)","decl":{"start":{"line":47,"column":38},"end":{"line":47,"column":39}},"loc":{"start":{"line":47,"column":49},"end":{"line":47,"column":59}},"line":47},"5":{"name":"(anonymous_5)","decl":{"start":{"line":78,"column":16},"end":{"line":78,"column":17}},"loc":{"start":{"line":78,"column":22},"end":{"line":247,"column":5}},"line":78},"6":{"name":"(anonymous_6)","decl":{"start":{"line":79,"column":35},"end":{"line":79,"column":36}},"loc":{"start":{"line":79,"column":47},"end":{"line":246,"column":5}},"line":79},"7":{"name":"(anonymous_7)","decl":{"start":{"line":100,"column":32},"end":{"line":100,"column":33}},"loc":{"start":{"line":101,"column":16},"end":{"line":101,"column":53}},"line":101},"8":{"name":"(anonymous_8)","decl":{"start":{"line":119,"column":34},"end":{"line":119,"column":35}},"loc":{"start":{"line":119,"column":45},"end":{"line":122,"column":13}},"line":119},"9":{"name":"(anonymous_9)","decl":{"start":{"line":127,"column":19},"end":{"line":127,"column":20}},"loc":{"start":{"line":127,"column":39},"end":{"line":132,"column":15}},"line":127},"10":{"name":"(anonymous_10)","decl":{"start":{"line":133,"column":20},"end":{"line":133,"column":21}},"loc":{"start":{"line":133,"column":30},"end":{"line":133,"column":47}},"line":133},"11":{"name":"(anonymous_11)","decl":{"start":{"line":152,"column":37},"end":{"line":152,"column":38}},"loc":{"start":{"line":152,"column":42},"end":{"line":152,"column":73}},"line":152},"12":{"name":"(anonymous_12)","decl":{"start":{"line":153,"column":21},"end":{"line":153,"column":22}},"loc":{"start":{"line":153,"column":32},"end":{"line":153,"column":49}},"line":153},"13":{"name":"(anonymous_13)","decl":{"start":{"line":153,"column":56},"end":{"line":153,"column":57}},"loc":{"start":{"line":153,"column":66},"end":{"line":153,"column":71}},"line":153},"14":{"name":"(anonymous_14)","decl":{"start":{"line":180,"column":64},"end":{"line":180,"column":65}},"loc":{"start":{"line":180,"column":69},"end":{"line":183,"column":15}},"line":180},"15":{"name":"(anonymous_15)","decl":{"start":{"line":186,"column":38},"end":{"line":186,"column":39}},"loc":{"start":{"line":186,"column":43},"end":{"line":186,"column":74}},"line":186},"16":{"name":"(anonymous_16)","decl":{"start":{"line":197,"column":22},"end":{"line":197,"column":23}},"loc":{"start":{"line":197,"column":32},"end":{"line":197,"column":67}},"line":197},"17":{"name":"(anonymous_17)","decl":{"start":{"line":209,"column":59},"end":{"line":209,"column":60}},"loc":{"start":{"line":209,"column":70},"end":{"line":236,"column":15}},"line":209},"18":{"name":"(anonymous_18)","decl":{"start":{"line":265,"column":21},"end":{"line":265,"column":22}},"loc":{"start":{"line":265,"column":27},"end":{"line":265,"column":53}},"line":265},"19":{"name":"(anonymous_19)","decl":{"start":{"line":310,"column":16},"end":{"line":310,"column":17}},"loc":{"start":{"line":310,"column":22},"end":{"line":352,"column":15}},"line":310},"20":{"name":"(anonymous_20)","decl":{"start":{"line":330,"column":40},"end":{"line":330,"column":41}},"loc":{"start":{"line":330,"column":61},"end":{"line":349,"column":21}},"line":330},"21":{"name":"(anonymous_21)","decl":{"start":{"line":357,"column":34},"end":{"line":357,"column":35}},"loc":{"start":{"line":358,"column":16},"end":{"line":367,"column":23}},"line":358},"22":{"name":"(anonymous_22)","decl":{"start":{"line":384,"column":41},"end":{"line":384,"column":42}},"loc":{"start":{"line":384,"column":47},"end":{"line":384,"column":69}},"line":384},"23":{"name":"(anonymous_23)","decl":{"start":{"line":392,"column":32},"end":{"line":392,"column":33}},"loc":{"start":{"line":393,"column":14},"end":{"line":407,"column":21}},"line":393}},"branchMap":{"0":{"loc":{"start":{"line":25,"column":27},"end":{"line":25,"column":46}},"type":"default-arg","locations":[{"start":{"line":25,"column":37},"end":{"line":25,"column":46}}],"line":25},"1":{"loc":{"start":{"line":26,"column":21},"end":{"line":26,"column":90}},"type":"cond-expr","locations":[{"start":{"line":26,"column":47},"end":{"line":26,"column":68}},{"start":{"line":26,"column":71},"end":{"line":26,"column":90}}],"line":26},"2":{"loc":{"start":{"line":27,"column":20},"end":{"line":27,"column":97}},"type":"cond-expr","locations":[{"start":{"line":27,"column":46},"end":{"line":27,"column":71}},{"start":{"line":27,"column":74},"end":{"line":27,"column":97}}],"line":27},"3":{"loc":{"start":{"line":37,"column":27},"end":{"line":37,"column":52}},"type":"cond-expr","locations":[{"start":{"line":37,"column":41},"end":{"line":37,"column":44}},{"start":{"line":37,"column":47},"end":{"line":37,"column":52}}],"line":37},"4":{"loc":{"start":{"line":57,"column":4},"end":{"line":60,"column":30}},"type":"binary-expr","locations":[{"start":{"line":57,"column":4},"end":{"li
[...]
mn":6},"end":{"line":172,"column":7}},{"start":{},"end":{}}],"line":135},"10":{"loc":{"start":{"line":137,"column":10},"end":{"line":137,"column":46}},"type":"if","locations":[{"start":{"line":137,"column":10},"end":{"line":137,"column":46}},{"start":{},"end":{}}],"line":137},"11":{"loc":{"start":{"line":144,"column":12},"end":{"line":169,"column":13}},"type":"switch","locations":[{"start":{"line":145,"column":14},"end":{"line":149,"column":15}},{"start":{"line":150,"column":14},"end":{"line":153,"column":15}},{"start":{"line":154,"column":14},"end":{"line":160,"column":15}},{"start":{"line":161,"column":14},"end":{"line":166,"column":15}},{"start":{"line":167,"column":14},"end":{"line":168,"column":29}}],"line":144},"12":{"loc":{"start":{"line":148,"column":23},"end":{"line":148,"column":67}},"type":"binary-expr","locations":[{"start":{"line":148,"column":23},"end":{"line":148,"column":45}},{"start":{"line":148,"column":49},"end":{"line":148,"column":67}}],"line":148},"13":{"loc":{"start":{"line":151,"column":23},"end":{"line":152,"column":70}},"type":"binary-expr","locations":[{"start":{"line":151,"column":23},"end":{"line":151,"column":64}},{"start":{"line":152,"column":23},"end":{"line":152,"column":70}}],"line":151},"14":{"loc":{"start":{"line":159,"column":23},"end":{"line":159,"column":80}},"type":"binary-expr","locations":[{"start":{"line":159,"column":23},"end":{"line":159,"column":51}},{"start":{"line":159,"column":55},"end":{"line":159,"column":80}}],"line":159},"15":{"loc":{"start":{"line":162,"column":34},"end":{"line":162,"column":80}},"type":"cond-expr","locations":[{"start":{"line":162,"column":57},"end":{"line":162,"column":59}},{"start":{"line":162,"column":62},"end":{"line":162,"column":80}}],"line":162},"16":{"loc":{"start":{"line":163,"column":38},"end":{"line":163,"column":102}},"type":"cond-expr","locations":[{"start":{"line":163,"column":61},"end":{"line":163,"column":82}},{"start":{"line":163,"column":85},"end":{"line":163,"column":102}}],"line":163},"17":{"loc":{"start":{"line":164,"column":23},"end":{"line":165,"column":66}},"type":"binary-expr","locations":[{"start":{"line":164,"column":23},"end":{"line":164,"column":59}},{"start":{"line":165,"column":23},"end":{"line":165,"column":66}}],"line":164},"18":{"loc":{"start":{"line":175,"column":6},"end":{"line":188,"column":7}},"type":"if","locations":[{"start":{"line":175,"column":6},"end":{"line":188,"column":7}},{"start":{},"end":{}}],"line":175},"19":{"loc":{"start":{"line":178,"column":12},"end":{"line":185,"column":13}},"type":"switch","locations":[{"start":{"line":179,"column":14},"end":{"line":180,"column":69}},{"start":{"line":181,"column":14},"end":{"line":182,"column":68}},{"start":{"line":183,"column":14},"end":{"line":184,"column":29}}],"line":178},"20":{"loc":{"start":{"line":192,"column":4},"end":{"line":198,"column":5}},"type":"if","locations":[{"start":{"line":192,"column":4},"end":{"line":198,"column":5}},{"start":{},"end":{}}],"line":192},"21":{"loc":{"start":{"line":194,"column":8},"end":{"line":194,"column":44}},"type":"if","locations":[{"start":{"line":194,"column":8},"end":{"line":194,"column":44}},{"start":{},"end":{}}],"line":194},"22":{"loc":{"start":{"line":228,"column":6},"end":{"line":232,"column":7}},"type":"if","locations":[{"start":{"line":228,"column":6},"end":{"line":232,"column":7}},{"start":{"line":230,"column":13},"end":{"line":232,"column":7}}],"line":228},"23":{"loc":{"start":{"line":288,"column":13},"end":{"line":296,"column":13}},"type":"binary-expr","locations":[{"start":{"line":288,"column":13},"end":{"line":288,"column":34}},{"start":{"line":289,"column":14},"end":{"line":295,"column":33}}],"line":288},"24":{"loc":{"start":{"line":308,"column":18},"end":{"line":308,"column":75}},"type":"binary-expr","locations":[{"start":{"line":308,"column":18},"end":{"line":308,"column":48}},{"start":{"line":308,"column":52},"end":{"line":308,"column":75}}],"line":308},"25":{"loc":{"start":{"line":315,"column":18},"end":{"line":315,"column":79}},"type":"binary-expr","locations":[{"start":{"line":315,"column":18},"end":{"line":315,"column":48}},{"start":{"line":315,"column":52},"end":{"line":315,"column":79}}],"line":315},"26":{"loc":{"start":{"line":328,"column":18},"end":{"line":328,"column":75}},"type":"binary-expr","locations":[{"start":{"line":328,"column":18},"end":{"line":328,"column":48}},{"start":{"line":328,"column":52},"end":{"line":328,"column":75}}],"line":328},"27":{"loc":{"start":{"line":335,"column":18},"end":{"line":335,"column":79}},"type":"binary-expr","locations":[{"start":{"line":335,"column":18},"end":{"line":335,"column":48}},{"start":{"line":335,"column":52},"end":{"line":335,"column":79}}],"line":335},"28":{"loc":{"start":{"line":345,"column":9},"end":{"line":431,"column":9}},"type":"binary-expr","locations":[{"start":{"line":345,"column":9},"end":{"line":345,"column":35}},{"start":{"line":346,"column":10},"end":{"line":430,"column":17}}],"line":345},"29":{"loc":{"start":{"line":348,"column":13},"end":{"line":429,"column":13}},"type":"cond-expr","locations":[{"start":{"line":349,"column":14},"end":{"line":372,"column":27}},{"start":{"line":374,"column":14},"end":{"line":428,"column":21}}],"line":348},"30":{"loc":{"start":{"line":359,"column":22},"end":{"line":359,"column":71}},"type":"binary-expr","locations":[{"start":{"line":359,"column":22},"end":{"line":359,"column":45}},{"start":{"line":359,"column":49},"end":{"line":359,"column":71}}],"line":359},"31":{"loc":{"start":{"line":361,"column":52},"end":{"line":361,"column":90}},"type":"cond-expr","locations":[{"start":{"line":361,"column":78},"end":{"line":361,"column":82}},{"start":{"line":361,"column":85},"end":{"line":361,"column":90}}],"line":361},"32":{"loc":{"start":{"line":366,"column":22},"end":{"line":366,"column":75}},"type":"binary-expr","locations":[{"start":{"line":366,"column":22},"end":{"line":366,"column":45}},{"start":{"line":366,"column":49},"end":{"line":366,"column":75}}],"line":366},"33":{"loc":{"start":{"line":381,"column":21},"end":{"line":381,"column":57}},"type":"binary-expr","locations":[{"start":{"line":381,"column":21},"end":{"line":381,"column":34}},{"start":{"line":381,"column":38},"end":{"line":381,"column":57}}],"line":381},"34":{"loc":{"start":{"line":384,"column":26},"end":{"line":384,"column":75}},"type":"cond-expr","locations":[{"start":{"line":384,"column":46},"end":{"line":384,"column":58}},{"start":{"line":384,"column":61},"end":{"line":384,"column":75}}],"line":384},"35":{"loc":{"start":{"line":389,"column":17},"end":{"line":427,"column":17}},"type":"binary-expr","locations":[{"start":{"line":389,"column":17},"end":{"line":389,"column":34}},{"start":{"line":390,"column":18},"end":{"line":426,"column":25}}],"line":389},"36":{"loc":{"start":{"line":401,"column":24},"end":{"line":401,"column":76}},"type":"binary-expr","locations":[{"start":{"line":401,"column":24},"end":{"line":401,"column":38}},{"start":{"line":401,"column":42},"end":{"line":401,"column":76}}],"line":401},"37":{"loc":{"start":{"line":405,"column":23},"end":{"line":405,"column":91}},"type":"binary-expr","locations":[{"start":{"line":405,"column":23},"end":{"line":405,"column":37}},{"start":{"line":405,"column":41},"end":{"line":405,"column":91}}],"line":405},"38":{"loc":{"start":{"line":419,"column":26},"end":{"line":419,"column":87}},"type":"binary-expr","locations":[{"start":{"line":419,"column":26},"end":{"line":419,"column":49}},{"start":{"line":419,"column":53},"end":{"line":419,"column":87}}],"line":419},"39":{"loc":{"start":{"line":423,"column":25},"end":{"line":423,"column":102}},"type":"binary-expr","locations":[{"start":{"line":423,"column":25},"end":{"line":423,"column":48}},{"start":{"line":423,"column":52},"end":{"line":423,"column":102}}],"line":423},"40":{"loc":{"start":{"line":434,"column":9},"end":{"line":445,"column":9}},"type":"binary-expr","locations":[{"start":{"line":434,"column":10},"end":{"line":434,"column":34}},{"start":{"line":434,"column":38},"end":{"line":434,"column":51}},{"start":{"line":435,"column":10},"end":{"line":444,"column":17}}],"line":434},"41":{"loc":{"start":{"line":457,"column":15},"end":{"line":457,"column":118}},"type":"cond-expr","locations":[{"start":{"line":457,"column":25},"end":{"line":457,"column":37}},{"start":{"line":457,"column":40},"end":{"line":457,"column":118}}],"line":457},"42":{"loc":{"start":{"line":457,"column":76},"end":{"line":457,"column":116}},"type":"cond-expr","locations":[{"start":{"line":457,"column":108},"end":{"line":457,"column":111}},{"start":{"line":457,"column":114},"end":{"line":457,"column":116}}],"line":457},"43":{"loc":{"start":{"line":459,"column":13},"end":{"line":459,"column":61}},"type":"binary-expr","locations":[{"start":{"line":459,"column":13},"end":{"line":459,"column":34}},{"start":{"line":459,"column":38},"end":{"line":459,"column":61}}],"line":459},"44":{"loc":{"start":{"line":464,"column":9},"end":{"line":542,"column":9}},"type":"cond-expr","locations":[{"start":{"line":465,"column":10},"end":{"line":527,"column":17}},{"start":{"line":529,"column":10},"end":{"line":541,"column":17}}],"line":464},"45":{"loc":{"start":{"line":491,"column":21},"end":{"line":506,"column":21}},"type":"binary-expr","locations":[{"start":{"line":491,"column":21},"end":{"line":491,"column":31}},{"start":{"line":492,"column":22},"end":{"line":505,"column":29}}],"line":491},"46":{"loc":{"start":{"line":498,"column":25},"end":{"line":504,"column":25}},"type":"binary-expr","locations":[{"start":{"line":498,"column":25},"end":{"line":498,"column":38}},{"start":{"line":499,"column":26},"end":{"line":503,"column":33}}],"line":498},"47":{"loc":{"start":{"line":515,"column":25},"end":{"line":515,"column":63}},"type":"cond-expr","locations":[{"start":{"line":515,"column":38},"end":{"line":515,"column":49}},{"start":{"line":515,"column":52},"end":{"line":515,"column":63}}],"line":515},"48":{"loc":{"start":{"line":518,"column":30},"end":{"line":518,"column":72}},"type":"cond-expr","locations":[{"start":{"line":518,"column":43},"end":{"line":518,"column":55}},{"start":{"line":518,"column":58},"end":{"line":518,"column":72}}],"line":518},"49":{"loc":{"start":{"line":534,"column":19},"end":{"line":534,"column":71}},"type":"cond-expr","locations":[{"start":{"line":534,"column":32},"end":{"line":534,"column":51}},{"start":{"line":534,"column":54},"end":{"line":534,"column":71}}],"line":534},"50":{"loc":{"start":{"line":537,"column":19},"end":{"line":537,"column":104}},"type":"cond-expr","locations":[{"start":{"line":537,"column":32},"end":{"line":537,"column":61}},{"start":{"line":537,"column":64},"end":{"line":537,"column":104}}],"line":537},"51":{"loc":{"start":{"line":545,"column":9},"end":{"line":558,"column":9}},"type":"binary-expr","locations":[{"start":{"line":545,"column":9},"end":{"line":545,"column":36}},{"start":{"line":546,"column":10},"end":{"line":557,"column":17}}],"line":545},"52":{"loc":{"start":{"line":553,"column":50},"end":{"line":553,"column":90}},"type":"cond-expr","locations":[{"start":{"line":553,"column":82},"end":{"line":553,"column":85}},{"start":{"line":553,"column":88},"end":{"line":553,"column":90}}],"line":553},"53":{"loc":{"start":{"line":554,"column":17},"end":{"line":554,"column":49}},"type":"binary-expr","locations":[{"start":{"line":554,"column":17},"end":{"line":554,"column":27}},{"start":{"line":554,"column":31},"end":{"line":554,"column":49}}],"line":554}},"s":{"0":0,"1":0,"2":0,"3":0,"4":0,"5":0,"6":0,"7":0,"8":0,"9":0,"10":0,"11":0,"12":0,"13":0,"14":0,"15":0,"16":0,"17":0,"18":0,"19":0,"20":0,"21":0,"22":0,"23":0,"24":0,"25":0,"26":0,"27":0,"28":0,"29":0,"30":0,"31":0,"32":0,"33":0,"34":0,"35":0,"36":0,"37":0,"38":0,"39":0,"40":0,"41":0,"42":0,"43":0,"44":0,"45":0,"46":0,"47":0,"48":0,"49":0,"50":0,"51":0,"52":0,"53":0,"54":0,"55":0,"56":0,"57":0,"58":0,"59":0,"60":0,"61":0,"62":0,"63":0,"64":0,"65":0,"66":0,"67":0,"68":0,"69":0,"70":0,"71":0,"72":0,"73":0,"74":0,"75":0,"76":0,"77":0,"78":0,"79":0,"80":0,"81":0,"82":0,"83":0,"84":0,"85":0,"86":0,"87":0,"88":0,"89":0,"90":0,"91":0,"92":0,"93":0,"94":0,"95":0,"96":0,"97":0,"98":0,"99":0,"100":0,"101":0,"102":0,"103":0,"104":0,"105":0,"106":0,"107":0,"108":0,"109":0,"110":0,"111":0,"112":0,"113":0,"114":0,"115":0,"116":0,"117":0,"118":0,"119":0,"120":0,"121":0,"122":0,"123":0,"124":0,"125":0,"126":0,"127":0,"128":0},"f":{"0":0,"1":0,"2":0,"3":0,"4":0,"5":0,"6":0,"7":0,"8":0,"9":0,"10":0,"11":0,"12":0,"13":0,"14":0,"15":0,"16":0,"17":0,"18":0,"19":0,"20":0,"21":0,"22":0,"23":0,"24":0,"25":0,"26":0,"27":0,"28":0,"29":0,"30":0,"31":0,"32":0,"33":0,"34":0,"35":0,"36":0,"37":0,"38":0,"39":0,"40":0,"41":0,"42":0,"43":0,"44":0},"b":{"0":[0,0,0,0],"1":[0,0],"2":[0,0],"3":[0,0],"4":[0,0],"5":[0,0],"6":[0,0],"7":[0,0,0,0],"8":[0,0],"9":[0,0],"10":[0,0],"11":[0,0,0,0,0],"12":[0,0],"13":[0,0],"14":[0,0],"15":[0,0],"16":[0,0],"17":[0,0],"18":[0,0],"19":[0,0,0],"20":[0,0],"21":[0,0],"22":[0,0],"23":[0,0],"24":[0,0],"25":[0,0],"26":[0,0],"27":[0,0],"28":[0,0],"29":[0,0],"30":[0,0],"31":[0,0],"32":[0,0],"33":[0,0],"34":[0,0],"35":[0,0],"36":[0,0],"37":[0,0],"38":[0,0],"39":[0,0],"40":[0,0,0],"41":[0,0],"42":[0,0],"43":[0,0],"44":[0,0],"45":[0,0],"46":[0,0],"47":[0,0],"48":[0,0],"49":[0,0],"50":[0,0],"51":[0,0],"52":[0,0],"53":[0,0]}}
,"/Users/arielorellana/Documents/Mobile-Fitness-Tracker-App/app/(tabs)/_layout.jsx": {"path":"/Users/arielorellana/Documents/Mobile-Fitness-Tracker-App/app/(tabs)/_layout.jsx","statementMap":{"0":{"start":{"line":8,"column":19},"end":{"line":8,"column":32}},"1":{"start":{"line":9,"column":17},"end":{"line":9,"column":97}},"2":{"start":{"line":11,"column":23},"end":{"line":11,"column":32}},"3":{"start":{"line":12,"column":25},"end":{"line":12,"column":34}},"4":{"start":{"line":13,"column":20},"end":{"line":13,"column":29}},"5":{"start":{"line":15,"column":19},"end":{"line":23,"column":4}},"6":{"start":{"line":15,"column":30},"end":{"line":23,"column":3}},"7":{"start":{"line":25,"column":20},"end":{"line":25,"column":93}},"8":{"start":{"line":25,"column":31},"end":{"line":25,"column":92}},"9":{"start":{"line":27,"column":2},"end":{"line":73,"column":4}}},"fnMap":{"0":{"name":"Layout","decl":{"start":{"line":7,"column":24},"end":{"line":7,"column":30}},"loc":{"start":{"line":7,"column":33},"end":{"line":74,"column":1}},"line":7},"1":{"name":"(anonymous_1)","decl":{"start":{"line":15,"column":19},"end":{"line":15,"column":20}},"loc":{"start":{"line":15,"column":30},"end":{"line":23,"column":3}},"line":15},"2":{"name":"(anonymous_2)","decl":{"start":{"line":25,"column":20},"end":{"line":25,"column":21}},"loc":{"start":{"line":25,"column":31},"end":{"line":25,"column":92}},"line":25}},"branchMap":{"0":{"loc":{"start":{"line":9,"column":17},"end":{"line":9,"column":97}},"type":"cond-expr","locations":[{"start":{"line":9,"column":49},"end":{"line":9,"column":92}},{"start":{"line":9,"column":95},"end":{"line":9,"column":97}}],"line":9},"1":{"loc":{"start":{"line":19,"column":21},"end":{"line":19,"column":78}},"type":"cond-expr","locations":[{"start":{"line":19,"column":53},"end":{"line":19,"column":62}},{"start":{"line":19,"column":65},"end":{"line":19,"column":78}}],"line":19},"2":{"loc":{"start":{"line":25,"column":31},"end":{"line":25,"column":92}},"type":"cond-expr","locations":[{"start":{"line":25,"column":63},"end":{"line":25,"column":75}},{"start":{"line":25,"column":78},"end":{"line":25,"column":92}}],"line":25}},"s":{"0":0,"1":0,"2":0,"3":0,"4":0,"5":0,"6":0,"7":0,"8":0,"9":0},"f":{"0":0,"1":0,"2":0},"b":{"0":[0,0],"1":[0,0],"2":[0,0]}}
,"/Users/arielorellana/Documents/Mobile-Fitness-Tracker-App/redux/store.js": {"path":"/Users/arielorellana/Documents/Mobile-Fitness-Tracker-App/redux/store.js","statementMap":{"0":{"start":{"line":7,"column":20},"end":{"line":9,"column":2}},"1":{"start":{"line":12,"column":22},"end":{"line":16,"column":1}},"2":{"start":{"line":19,"column":25},"end":{"line":19,"column":67}},"3":{"start":{"line":22,"column":21},"end":{"line":28,"column":2}},"4":{"start":{"line":25,"column":4},"end":{"line":27,"column":6}},"5":{"start":{"line":31,"column":25},"end":{"line":31,"column":44}}},"fnMap":{"0":{"name":"(anonymous_0)","decl":{"start":{"line":24,"column":14},"end":{"line":24,"column":15}},"loc":{"start":{"line":25,"column":4},"end":{"line":27,"column":6}},"line":25}},"branchMap":{},"s":{"0":0,"1":0,"2":0,"3":0,"4":0,"5":0},"f":{"0":0},"b":{}}
,"/Users/arielorellana/Documents/Mobile-Fitness-Tracker-App/redux/user/userSlice.js": {"path":"/Users/arielorellana/Documents/Mobile-Fitness-Tracker-App/redux/user/userSlice.js","statementMap":{"0":{"start":{"line":4,"column":21},"end":{"line":8,"column":1}},"1":{"start":{"line":11,"column":18},"end":{"line":61,"column":2}},"2":{"start":{"line":17,"column":12},"end":{"line":17,"column":33}},"3":{"start":{"line":21,"column":12},"end":{"line":21,"column":47}},"4":{"start":{"line":22,"column":12},"end":{"line":22,"column":34}},"5":{"start":{"line":23,"column":12},"end":{"line":23,"column":31}},"6":{"start":{"line":27,"column":12},"end":{"line":27,"column":41}},"7":{"start":{"line":28,"column":12},"end":{"line":28,"column":34}},"8":{"start":{"line":32,"column":12},"end":{"line":32,"column":33}},"9":{"start":{"line":36,"column":12},"end":{"line":36,"column":37}},"10":{"start":{"line":37,"column":12},"end":{"line":37,"column":34}},"11":{"start":{"line":38,"column":12},"end":{"line":38,"column":31}},"12":{"start":{"line":42,"column":12},"end":{"line":42,"column":41}},"13":{"start":{"line":43,"column":12},"end":{"line":43,"column":34}},"14":{"start":{"line":47,"column":12},"end":{"line":47,"column":33}},"15":{"start":{"line":51,"column":12},"end":{"line":51,"column":37}},"16":{"start":{"line":52,"column":12},"end":{"line":52,"column":34}},"17":{"start":{"line":53,"column":12},"end":{"line":53,"column":31}},"18":{"start":{"line":57,"column":12},"end":{"line":57,"column":41}},"19":{"start":{"line":58,"column":12},"end":{"line":58,"column":34}},"20":{"start":{"line":74,"column":4},"end":{"line":74,"column":21}}},"fnMap":{"0":{"name":"(anonymous_0)","decl":{"start":{"line":16,"column":21},"end":{"line":16,"column":22}},"loc":{"start":{"line":16,"column":32},"end":{"line":18,"column":9}},"line":16},"1":{"name":"(anonymous_1)","decl":{"start":{"line":20,"column":23},"end":{"line":20,"column":24}},"loc":{"start":{"line":20,"column":42},"end":{"line":24,"column":9}},"line":20},"2":{"name":"(anonymous_2)","decl":{"start":{"line":26,"column":23},"end":{"line":26,"column":24}},"loc":{"start":{"line":26,"column":42},"end":{"line":29,"column":9}},"line":26},"3":{"name":"(anonymous_3)","decl":{"start":{"line":31,"column":25},"end":{"line":31,"column":26}},"loc":{"start":{"line":31,"column":36},"end":{"line":33,"column":9}},"line":31},"4":{"name":"(anonymous_4)","decl":{"start":{"line":35,"column":27},"end":{"line":35,"column":28}},"loc":{"start":{"line":35,"column":38},"end":{"line":39,"column":9}},"line":35},"5":{"name":"(anonymous_5)","decl":{"start":{"line":41,"column":27},"end":{"line":41,"column":28}},"loc":{"start":{"line":41,"column":46},"end":{"line":44,"column":9}},"line":41},"6":{"name":"(anonymous_6)","decl":{"start":{"line":46,"column":26},"end":{"line":46,"column":27}},"loc":{"start":{"line":46,"column":37},"end":{"line":48,"column":9}},"line":46},"7":{"name":"(anonymous_7)","decl":{"start":{"line":50,"column":28},"end":{"line":50,"column":29}},"loc":{"start":{"line":50,"column":39},"end":{"line":54,"column":9}},"line":50},"8":{"name":"(anonymous_8)","decl":{"start":{"line":56,"column":28},"end":{"line":56,"column":29}},"loc":{"start":{"line":56,"column":47},"end":{"line":59,"column":9}},"line":56}},"branchMap":{},"s":{"0":1,"1":1,"2":2,"3":2,"4":2,"5":2,"6":2,"7":2,"8":2,"9":2,"10":2,"11":2,"12":2,"13":2,"14":1,"15":3,"16":3,"17":3,"18":1,"19":1,"20":1},"f":{"0":2,"1":2,"2":2,"3":2,"4":2,"5":2,"6":1,"7":3,"8":1},"b":{},"_coverageSchema":"1a1c01bbd47fc00a2c39e90264f33305004495a9","hash":"9c3c08d3c8cfaee883569971d0d8c2f02b52c9c4"}
}
