TN:
SF:app/index.jsx
FN:4,Index
FN:6,(anonymous_1)
FNF:2
FNH:0
FNDA:0,Index
FNDA:0,(anonymous_1)
DA:6,0
DA:12,0
DA:13,0
DA:16,0
LF:4
LH:0
BRDA:12,0,0,0
BRDA:12,0,1,0
BRF:2
BRH:0
end_of_record
TN:
SF:app/(auth)/SignIn.jsx
FN:28,SignIn
FN:32,(anonymous_1)
FN:38,(anonymous_2)
FN:39,(anonymous_3)
FN:45,(anonymous_4)
FN:54,(anonymous_5)
FN:55,(anonymous_6)
FN:77,(anonymous_7)
FN:126,(anonymous_8)
FN:144,(anonymous_9)
FNF:10
FNH:0
FNDA:0,SignIn
FNDA:0,(anonymous_1)
FNDA:0,(anonymous_2)
FNDA:0,(anonymous_3)
FNDA:0,(anonymous_4)
FNDA:0,(anonymous_5)
FNDA:0,(anonymous_6)
FNDA:0,(anonymous_7)
FNDA:0,(anonymous_8)
FNDA:0,(anonymous_9)
DA:23,0
DA:30,0
DA:32,0
DA:34,0
DA:35,0
DA:38,0
DA:39,0
DA:45,0
DA:47,0
DA:48,0
DA:49,0
DA:53,0
DA:54,0
DA:55,0
DA:58,0
DA:60,0
DA:64,0
DA:76,0
DA:77,0
DA:78,0
DA:79,0
DA:80,0
DA:81,0
DA:84,0
DA:87,0
DA:88,0
DA:89,0
DA:90,0
DA:94,0
DA:95,0
DA:97,0
DA:99,0
DA:100,0
DA:107,0
DA:126,0
DA:144,0
DA:184,0
LF:37
LH:0
BRDA:23,0,0,0
BRDA:23,0,1,0
BRDA:23,0,2,0
BRDA:23,0,3,0
BRDA:47,1,0,0
BRDA:47,1,1,0
BRDA:47,2,0,0
BRDA:47,2,1,0
BRDA:76,3,0,0
BRDA:76,3,1,0
BRDA:78,4,0,0
BRDA:78,4,1,0
BRDA:78,4,2,0
BRDA:87,5,0,0
BRDA:87,5,1,0
BRDA:87,6,0,0
BRDA:87,6,1,0
BRDA:154,7,0,0
BRDA:154,7,1,0
BRDA:158,8,0,0
BRDA:158,8,1,0
BRF:21
BRH:0
end_of_record
TN:
SF:app/(auth)/SignUp.jsx
FN:15,SignUp
FN:33,(anonymous_1)
FN:34,(anonymous_2)
FN:40,(anonymous_3)
FN:60,(anonymous_4)
FN:67,(anonymous_5)
FN:98,(anonymous_6)
FN:115,(anonymous_7)
FN:133,(anonymous_8)
FNF:9
FNH:0
FNDA:0,SignUp
FNDA:0,(anonymous_1)
FNDA:0,(anonymous_2)
FNDA:0,(anonymous_3)
FNDA:0,(anonymous_4)
FNDA:0,(anonymous_5)
FNDA:0,(anonymous_6)
FNDA:0,(anonymous_7)
FNDA:0,(anonymous_8)
DA:17,0
DA:22,0
DA:23,0
DA:27,0
DA:33,0
DA:34,0
DA:40,0
DA:42,0
DA:43,0
DA:44,0
DA:47,0
DA:48,0
DA:50,0
DA:59,0
DA:60,0
DA:61,0
DA:62,0
DA:63,0
DA:64,0
DA:67,0
DA:69,0
DA:71,0
DA:72,0
DA:74,0
DA:75,0
DA:79,0
DA:98,0
DA:115,0
DA:133,0
DA:167,0
LF:30
LH:0
BRDA:27,0,0,0
BRDA:27,0,1,0
BRDA:27,0,2,0
BRDA:27,0,3,0
BRDA:42,1,0,0
BRDA:42,1,1,0
BRDA:42,2,0,0
BRDA:42,2,1,0
BRDA:42,2,2,0
BRDA:59,3,0,0
BRDA:59,3,1,0
BRDA:61,4,0,0
BRDA:61,4,1,0
BRDA:61,4,2,0
BRDA:75,5,0,0
BRDA:75,5,1,0
BRDA:143,6,0,0
BRDA:143,6,1,0
BRDA:147,7,0,0
BRDA:147,7,1,0
BRF:20
BRH:0
end_of_record
TN:
SF:app/(tabs)/AddWorkout.jsx
FN:13,(anonymous_0)
FN:17,(anonymous_1)
FN:23,AddWorkout
FN:24,(anonymous_3)
FN:68,(anonymous_4)
FN:78,(anonymous_5)
FN:82,(anonymous_6)
FN:83,(anonymous_7)
FN:90,(anonymous_8)
FN:99,(anonymous_9)
FN:106,(anonymous_10)
FN:115,(anonymous_11)
FN:122,(anonymous_12)
FN:131,(anonymous_13)
FN:135,(anonymous_14)
FN:140,(anonymous_15)
FN:145,(anonymous_16)
FN:150,(anonymous_17)
FN:156,(anonymous_18)
FN:162,(anonymous_19)
FN:168,(anonymous_20)
FN:264,(anonymous_21)
FN:271,(anonymous_22)
FN:291,(anonymous_23)
FN:345,(anonymous_24)
FN:352,(anonymous_25)
FN:374,(anonymous_26)
FN:401,(anonymous_27)
FN:414,(anonymous_28)
FN:418,(anonymous_29)
FN:428,(anonymous_30)
FN:432,(anonymous_31)
FN:442,(anonymous_32)
FN:463,(anonymous_33)
FN:486,(anonymous_34)
FN:507,(anonymous_35)
FN:531,(anonymous_36)
FNF:37
FNH:0
FNDA:0,(anonymous_0)
FNDA:0,(anonymous_1)
FNDA:0,AddWorkout
FNDA:0,(anonymous_3)
FNDA:0,(anonymous_4)
FNDA:0,(anonymous_5)
FNDA:0,(anonymous_6)
FNDA:0,(anonymous_7)
FNDA:0,(anonymous_8)
FNDA:0,(anonymous_9)
FNDA:0,(anonymous_10)
FNDA:0,(anonymous_11)
FNDA:0,(anonymous_12)
FNDA:0,(anonymous_13)
FNDA:0,(anonymous_14)
FNDA:0,(anonymous_15)
FNDA:0,(anonymous_16)
FNDA:0,(anonymous_17)
FNDA:0,(anonymous_18)
FNDA:0,(anonymous_19)
FNDA:0,(anonymous_20)
FNDA:0,(anonymous_21)
FNDA:0,(anonymous_22)
FNDA:0,(anonymous_23)
FNDA:0,(anonymous_24)
FNDA:0,(anonymous_25)
FNDA:0,(anonymous_26)
FNDA:0,(anonymous_27)
FNDA:0,(anonymous_28)
FNDA:0,(anonymous_29)
FNDA:0,(anonymous_30)
FNDA:0,(anonymous_31)
FNDA:0,(anonymous_32)
FNDA:0,(anonymous_33)
FNDA:0,(anonymous_34)
FNDA:0,(anonymous_35)
FNDA:0,(anonymous_36)
DA:12,0
DA:13,0
DA:17,0
DA:18,0
DA:24,0
DA:27,0
DA:33,0
DA:44,0
DA:45,0
DA:46,0
DA:48,0
DA:49,0
DA:50,0
DA:51,0
DA:52,0
DA:53,0
DA:55,0
DA:64,0
DA:67,0
DA:69,0
DA:78,0
DA:82,0
DA:83,0
DA:90,0
DA:91,0
DA:92,0
DA:93,0
DA:94,0
DA:95,0
DA:99,0
DA:100,0
DA:101,0
DA:102,0
DA:106,0
DA:107,0
DA:108,0
DA:109,0
DA:110,0
DA:111,0
DA:115,0
DA:116,0
DA:117,0
DA:118,0
DA:122,0
DA:124,0
DA:125,0
DA:127,0
DA:130,0
DA:131,0
DA:132,0
DA:135,0
DA:136,0
DA:137,0
DA:140,0
DA:141,0
DA:142,0
DA:145,0
DA:146,0
DA:147,0
DA:150,0
DA:151,0
DA:152,0
DA:156,0
DA:157,0
DA:158,0
DA:159,0
DA:162,0
DA:163,0
DA:164,0
DA:165,0
DA:168,0
DA:170,0
DA:171,0
DA:172,0
DA:176,0
DA:177,0
DA:178,0
DA:181,0
DA:183,0
DA:185,0
DA:186,0
DA:189,0
DA:200,0
DA:201,0
DA:203,0
DA:213,0
DA:222,0
DA:224,0
DA:225,0
DA:229,0
DA:238,0
DA:239,0
DA:241,0
DA:242,0
DA:244,0
DA:248,0
DA:265,0
DA:271,0
DA:291,0
DA:346,0
DA:352,0
DA:374,0
DA:401,0
DA:414,0
DA:419,0
DA:428,0
DA:433,0
DA:442,0
DA:463,0
DA:486,0
DA:507,0
DA:531,0
DA:551,0
LF:113
LH:0
BRDA:27,0,0,0
BRDA:27,0,1,0
BRDA:27,0,2,0
BRDA:27,0,3,0
BRDA:109,1,0,0
BRDA:109,1,1,0
BRDA:110,2,0,0
BRDA:110,2,1,0
BRDA:116,3,0,0
BRDA:116,3,1,0
BRDA:124,4,0,0
BRDA:124,4,1,0
BRDA:124,5,0,0
BRDA:124,5,1,0
BRDA:146,6,0,0
BRDA:146,6,1,0
BRDA:151,7,0,0
BRDA:151,7,1,0
BRDA:157,8,0,0
BRDA:157,8,1,0
BRDA:158,9,0,0
BRDA:158,9,1,0
BRDA:163,10,0,0
BRDA:163,10,1,0
BRDA:164,11,0,0
BRDA:164,11,1,0
BRDA:170,12,0,0
BRDA:170,12,1,0
BRDA:176,13,0,0
BRDA:176,13,1,0
BRDA:185,14,0,0
BRDA:185,14,1,0
BRDA:186,15,0,0
BRDA:186,15,1,0
BRDA:224,16,0,0
BRDA:224,16,1,0
BRDA:225,17,0,0
BRDA:225,17,1,0
BRDA:242,18,0,0
BRDA:242,18,1,0
BRDA:269,19,0,0
BRDA:269,19,1,0
BRDA:350,20,0,0
BRDA:350,20,1,0
BRDA:356,21,0,0
BRDA:356,21,1,0
BRDA:385,22,0,0
BRDA:385,22,1,0
BRDA:390,23,0,0
BRDA:390,23,1,0
BRF:50
BRH:0
end_of_record
TN:
SF:app/(tabs)/Analytics.jsx
FN:14,(anonymous_0)
FN:20,(anonymous_1)
FN:26,(anonymous_2)
FN:32,Analytics
FN:33,(anonymous_4)
FN:59,(anonymous_5)
FN:60,(anonymous_6)
FN:89,(anonymous_7)
FN:91,(anonymous_8)
FN:126,(anonymous_9)
FN:141,(anonymous_10)
FN:146,(anonymous_11)
FN:154,(anonymous_12)
FN:181,(anonymous_13)
FN:182,(anonymous_14)
FN:260,(anonymous_15)
FN:269,(anonymous_16)
FN:274,(anonymous_17)
FN:283,(anonymous_18)
FN:346,(anonymous_19)
FN:347,(anonymous_20)
FNF:21
FNH:0
FNDA:0,(anonymous_0)
FNDA:0,(anonymous_1)
FNDA:0,(anonymous_2)
FNDA:0,Analytics
FNDA:0,(anonymous_4)
FNDA:0,(anonymous_5)
FNDA:0,(anonymous_6)
FNDA:0,(anonymous_7)
FNDA:0,(anonymous_8)
FNDA:0,(anonymous_9)
FNDA:0,(anonymous_10)
FNDA:0,(anonymous_11)
FNDA:0,(anonymous_12)
FNDA:0,(anonymous_13)
FNDA:0,(anonymous_14)
FNDA:0,(anonymous_15)
FNDA:0,(anonymous_16)
FNDA:0,(anonymous_17)
FNDA:0,(anonymous_18)
FNDA:0,(anonymous_19)
FNDA:0,(anonymous_20)
DA:14,0
DA:15,0
DA:20,0
DA:21,0
DA:26,0
DA:27,0
DA:33,0
DA:35,0
DA:36,0
DA:37,0
DA:38,0
DA:39,0
DA:40,0
DA:43,0
DA:48,0
DA:58,0
DA:60,0
DA:61,0
DA:62,0
DA:63,0
DA:72,0
DA:73,0
DA:76,0
DA:77,0
DA:78,0
DA:79,0
DA:80,0
DA:89,0
DA:90,0
DA:91,0
DA:92,0
DA:95,0
DA:96,0
DA:100,0
DA:103,0
DA:104,0
DA:106,0
DA:107,0
DA:108,0
DA:109,0
DA:110,0
DA:112,0
DA:116,0
DA:117,0
DA:118,0
DA:119,0
DA:121,0
DA:126,0
DA:127,0
DA:128,0
DA:129,0
DA:130,0
DA:132,0
DA:133,0
DA:134,0
DA:135,0
DA:140,0
DA:141,0
DA:146,0
DA:148,0
DA:151,0
DA:152,0
DA:154,0
DA:155,0
DA:156,0
DA:157,0
DA:158,0
DA:159,0
DA:161,0
DA:162,0
DA:163,0
DA:164,0
DA:165,0
DA:170,0
DA:171,0
DA:176,0
DA:180,0
DA:181,0
DA:182,0
DA:184,0
DA:185,0
DA:186,0
DA:187,0
DA:188,0
DA:189,0
DA:191,0
DA:192,0
DA:193,0
DA:194,0
DA:195,0
DA:197,0
DA:198,0
DA:199,0
DA:200,0
DA:202,0
DA:203,0
DA:204,0
DA:205,0
DA:207,0
DA:208,0
DA:209,0
DA:214,0
DA:215,0
DA:216,0
DA:217,0
DA:220,0
DA:221,0
DA:222,0
DA:223,0
DA:224,0
DA:226,0
DA:227,0
DA:228,0
DA:229,0
DA:233,0
DA:234,0
DA:235,0
DA:236,0
DA:237,0
DA:239,0
DA:241,0
DA:244,0
DA:246,0
DA:250,0
DA:252,0
DA:256,0
DA:260,0
DA:261,0
DA:262,0
DA:269,0
DA:270,0
DA:272,0
DA:275,0
DA:276,0
DA:284,0
DA:291,0
DA:347,0
DA:348,0
DA:423,0
LF:139
LH:0
BRDA:43,0,0,0
BRDA:43,0,1,0
BRDA:43,0,2,0
BRDA:43,0,3,0
BRDA:72,1,0,0
BRDA:72,1,1,0
BRDA:92,2,0,0
BRDA:92,2,1,0
BRDA:95,3,0,0
BRDA:95,3,1,0
BRDA:106,4,0,0
BRDA:106,4,1,0
BRDA:109,5,0,0
BRDA:109,5,1,0
BRDA:118,6,0,0
BRDA:118,6,1,0
BRDA:119,7,0,0
BRDA:119,7,1,0
BRDA:132,8,0,0
BRDA:132,8,1,0
BRDA:132,9,0,0
BRDA:132,9,1,0
BRDA:133,10,0,0
BRDA:133,10,1,0
BRDA:134,11,0,0
BRDA:134,11,1,0
BRDA:134,12,0,0
BRDA:134,12,1,0
BRDA:135,13,0,0
BRDA:135,13,1,0
BRDA:143,14,0,0
BRDA:143,14,1,0
BRDA:144,15,0,0
BRDA:144,15,1,0
BRDA:146,16,0,0
BRDA:146,16,1,0
BRDA:155,17,0,0
BRDA:155,17,1,0
BRDA:157,18,0,0
BRDA:157,18,1,0
BRDA:161,19,0,0
BRDA:161,19,1,0
BRDA:161,20,0,0
BRDA:161,20,1,0
BRDA:163,21,0,0
BRDA:163,21,1,0
BRDA:170,22,0,0
BRDA:170,22,1,0
BRDA:192,23,0,0
BRDA:192,23,1,0
BRDA:198,24,0,0
BRDA:198,24,1,0
BRDA:202,25,0,0
BRDA:202,25,1,0
BRDA:214,26,0,0
BRDA:214,26,1,0
BRDA:220,27,0,0
BRDA:220,27,1,0
BRDA:220,28,0,0
BRDA:220,28,1,0
BRDA:220,28,2,0
BRDA:233,29,0,0
BRDA:233,29,1,0
BRDA:233,30,0,0
BRDA:233,30,1,0
BRDA:235,31,0,0
BRDA:235,31,1,0
BRDA:235,32,0,0
BRDA:235,32,1,0
BRDA:237,33,0,0
BRDA:237,33,1,0
BRDA:237,34,0,0
BRDA:237,34,1,0
BRDA:237,34,2,0
BRDA:261,35,0,0
BRDA:261,35,1,0
BRDA:275,36,0,0
BRDA:275,36,1,0
BRDA:278,37,0,0
BRDA:278,37,1,0
BRDA:315,38,0,0
BRDA:315,38,1,0
BRDA:318,39,0,0
BRDA:318,39,1,0
BRDA:320,40,0,0
BRDA:320,40,1,0
BRDA:324,41,0,0
BRDA:324,41,1,0
BRDA:328,42,0,0
BRDA:328,42,1,0
BRDA:342,43,0,0
BRDA:342,43,1,0
BRDA:344,44,0,0
BRDA:344,44,1,0
BRDA:399,45,0,0
BRDA:399,45,1,0
BRDA:412,46,0,0
BRDA:412,46,1,0
BRF:98
BRH:0
end_of_record
TN:
SF:app/(tabs)/Home.jsx
FN:19,(anonymous_0)
FN:25,(anonymous_1)
FN:36,(anonymous_2)
FN:45,Home
FN:47,(anonymous_4)
FN:78,(anonymous_5)
FN:79,(anonymous_6)
FN:100,(anonymous_7)
FN:119,(anonymous_8)
FN:127,(anonymous_9)
FN:133,(anonymous_10)
FN:152,(anonymous_11)
FN:153,(anonymous_12)
FN:153,(anonymous_13)
FN:180,(anonymous_14)
FN:186,(anonymous_15)
FN:197,(anonymous_16)
FN:209,(anonymous_17)
FN:265,(anonymous_18)
FN:310,(anonymous_19)
FN:330,(anonymous_20)
FN:357,(anonymous_21)
FN:384,(anonymous_22)
FN:392,(anonymous_23)
FNF:24
FNH:0
FNDA:0,(anonymous_0)
FNDA:0,(anonymous_1)
FNDA:0,(anonymous_2)
FNDA:0,Home
FNDA:0,(anonymous_4)
FNDA:0,(anonymous_5)
FNDA:0,(anonymous_6)
FNDA:0,(anonymous_7)
FNDA:0,(anonymous_8)
FNDA:0,(anonymous_9)
FNDA:0,(anonymous_10)
FNDA:0,(anonymous_11)
FNDA:0,(anonymous_12)
FNDA:0,(anonymous_13)
FNDA:0,(anonymous_14)
FNDA:0,(anonymous_15)
FNDA:0,(anonymous_16)
FNDA:0,(anonymous_17)
FNDA:0,(anonymous_18)
FNDA:0,(anonymous_19)
FNDA:0,(anonymous_20)
FNDA:0,(anonymous_21)
FNDA:0,(anonymous_22)
FNDA:0,(anonymous_23)
DA:16,0
DA:19,0
DA:20,0
DA:25,0
DA:26,0
DA:27,0
DA:29,0
DA:36,0
DA:37,0
DA:38,0
DA:47,0
DA:49,0
DA:50,0
DA:51,0
DA:52,0
DA:53,0
DA:54,0
DA:57,0
DA:63,0
DA:64,0
DA:65,0
DA:66,0
DA:67,0
DA:68,0
DA:71,0
DA:72,0
DA:73,0
DA:74,0
DA:77,0
DA:79,0
DA:80,0
DA:81,0
DA:83,0
DA:84,0
DA:87,0
DA:96,0
DA:97,0
DA:99,0
DA:101,0
DA:104,0
DA:105,0
DA:108,0
DA:118,0
DA:119,0
DA:120,0
DA:121,0
DA:125,0
DA:126,0
DA:127,0
DA:133,0
DA:135,0
DA:138,0
DA:147,0
DA:148,0
DA:151,0
DA:152,0
DA:153,0
DA:156,0
DA:157,0
DA:158,0
DA:160,0
DA:161,0
DA:162,0
DA:164,0
DA:165,0
DA:166,0
DA:168,0
DA:169,0
DA:171,0
DA:174,0
DA:177,0
DA:178,0
DA:180,0
DA:181,0
DA:182,0
DA:185,0
DA:186,0
DA:189,0
DA:193,0
DA:196,0
DA:197,0
DA:200,0
DA:209,0
DA:210,0
DA:211,0
DA:212,0
DA:213,0
DA:214,0
DA:217,0
DA:218,0
DA:220,0
DA:221,0
DA:222,0
DA:223,0
DA:225,0
DA:228,0
DA:238,0
DA:242,0
DA:244,0
DA:246,0
DA:251,0
DA:252,0
DA:254,0
DA:265,0
DA:311,0
DA:312,0
DA:313,0
DA:314,0
DA:316,0
DA:318,0
DA:331,0
DA:332,0
DA:334,0
DA:347,0
DA:348,0
DA:358,0
DA:384,0
DA:393,0
DA:453,0
LF:119
LH:0
BRDA:25,0,0,0
BRDA:26,1,0,0
BRDA:26,1,1,0
BRDA:27,2,0,0
BRDA:27,2,1,0
BRDA:37,3,0,0
BRDA:37,3,1,0
BRDA:57,4,0,0
BRDA:57,4,1,0
BRDA:57,4,2,0
BRDA:57,4,3,0
BRDA:71,5,0,0
BRDA:71,5,1,0
BRDA:96,6,0,0
BRDA:96,6,1,0
BRDA:121,7,0,0
BRDA:121,7,1,0
BRDA:130,8,0,0
BRDA:130,8,1,0
BRDA:131,9,0,0
BRDA:131,9,1,0
BRDA:147,10,0,0
BRDA:147,10,1,0
BRDA:168,11,0,0
BRDA:168,11,1,0
BRDA:177,12,0,0
BRDA:177,12,1,0
BRDA:178,13,0,0
BRDA:178,13,1,0
BRDA:182,14,0,0
BRDA:182,14,1,0
BRDA:189,15,0,0
BRDA:189,15,1,0
BRDA:191,16,0,0
BRDA:191,16,1,0
BRDA:220,17,0,0
BRDA:220,17,1,0
BRDA:222,18,0,0
BRDA:222,18,1,0
BRDA:230,19,0,0
BRDA:230,19,1,0
BRDA:260,20,0,0
BRDA:260,20,1,0
BRDA:276,21,0,0
BRDA:276,21,1,0
BRDA:278,22,0,0
BRDA:278,22,1,0
BRDA:279,23,0,0
BRDA:279,23,1,0
BRDA:306,24,0,0
BRDA:306,24,1,0
BRDA:383,25,0,0
BRDA:383,25,1,0
BRDA:390,26,0,0
BRDA:390,26,1,0
BRDA:427,27,0,0
BRDA:427,27,1,0
BRDA:427,28,0,0
BRDA:427,28,1,0
BRDA:433,29,0,0
BRDA:433,29,1,0
BRDA:435,30,0,0
BRDA:435,30,1,0
BRDA:437,31,0,0
BRDA:437,31,1,0
BRDA:441,32,0,0
BRDA:441,32,1,0
BRDA:442,33,0,0
BRDA:442,33,1,0
BRDA:442,34,0,0
BRDA:442,34,1,0
BRF:71
BRH:0
end_of_record
TN:
SF:app/(tabs)/Profile.jsx
FN:17,Profile
FN:18,(anonymous_1)
FN:32,(anonymous_2)
FN:36,(anonymous_3)
FN:55,(anonymous_4)
FN:122,(anonymous_5)
FN:161,(anonymous_6)
FN:170,(anonymous_7)
FN:188,(anonymous_8)
FN:197,(anonymous_9)
FNF:10
FNH:0
FNDA:0,Profile
FNDA:0,(anonymous_1)
FNDA:0,(anonymous_2)
FNDA:0,(anonymous_3)
FNDA:0,(anonymous_4)
FNDA:0,(anonymous_5)
FNDA:0,(anonymous_6)
FNDA:0,(anonymous_7)
FNDA:0,(anonymous_8)
FNDA:0,(anonymous_9)
DA:18,0
DA:19,0
DA:22,0
DA:28,0
DA:29,0
DA:32,0
DA:33,0
DA:36,0
DA:38,0
DA:39,0
DA:40,0
DA:42,0
DA:43,0
DA:45,0
DA:54,0
DA:55,0
DA:56,0
DA:59,0
DA:61,0
DA:68,0
DA:69,0
DA:71,0
DA:72,0
DA:74,0
DA:79,0
DA:80,0
DA:82,0
DA:122,0
DA:162,0
DA:171,0
DA:172,0
DA:189,0
DA:198,0
DA:199,0
DA:206,0
DA:207,0
DA:210,0
DA:211,0
DA:212,0
DA:214,0
DA:215,0
DA:235,0
LF:42
LH:0
BRDA:22,0,0,0
BRDA:22,0,1,0
BRDA:22,0,2,0
BRDA:22,0,3,0
BRDA:28,1,0,0
BRDA:28,1,1,0
BRDA:33,2,0,0
BRDA:33,2,1,0
BRDA:38,3,0,0
BRDA:38,3,1,0
BRDA:49,4,0,0
BRDA:49,4,1,0
BRDA:54,5,0,0
BRDA:54,5,1,0
BRDA:56,6,0,0
BRDA:56,6,1,0
BRDA:56,6,2,0
BRDA:72,7,0,0
BRDA:72,7,1,0
BRDA:79,8,0,0
BRDA:79,8,1,0
BRDA:103,9,0,0
BRDA:103,9,1,0
BRDA:111,10,0,0
BRDA:111,10,1,0
BRDA:128,11,0,0
BRDA:128,11,1,0
BRDA:128,11,2,0
BRDA:134,12,0,0
BRDA:134,12,1,0
BRDA:139,13,0,0
BRDA:139,13,1,0
BRDA:202,14,0,0
BRDA:202,14,1,0
BRDA:206,15,0,0
BRDA:206,15,1,0
BRF:36
BRH:0
end_of_record
TN:
SF:app/(tabs)/Search.jsx
FN:15,SearchFilter
FN:16,(anonymous_1)
FN:42,(anonymous_2)
FN:43,(anonymous_3)
FN:59,(anonymous_4)
FN:60,(anonymous_5)
FN:92,(anonymous_6)
FN:94,(anonymous_7)
FN:103,(anonymous_8)
FN:104,(anonymous_9)
FN:108,(anonymous_10)
FN:114,(anonymous_11)
FN:127,(anonymous_12)
FN:130,(anonymous_13)
FN:136,(anonymous_14)
FN:143,(anonymous_15)
FN:176,(anonymous_16)
FN:177,(anonymous_17)
FN:193,(anonymous_18)
FN:204,(anonymous_19)
FN:205,(anonymous_20)
FN:211,(anonymous_21)
FN:215,(anonymous_22)
FN:219,(anonymous_23)
FN:220,(anonymous_24)
FN:226,(anonymous_25)
FN:227,(anonymous_26)
FN:229,(anonymous_27)
FN:236,(anonymous_28)
FN:242,(anonymous_29)
FN:248,(anonymous_30)
FN:254,(anonymous_31)
FN:282,(anonymous_32)
FN:303,(anonymous_33)
FN:310,(anonymous_34)
FN:323,(anonymous_35)
FN:330,(anonymous_36)
FN:354,(anonymous_37)
FN:361,(anonymous_38)
FN:377,(anonymous_39)
FN:393,(anonymous_40)
FN:407,(anonymous_41)
FN:411,(anonymous_42)
FN:466,(anonymous_43)
FN:511,(anonymous_44)
FNF:45
FNH:0
FNDA:0,SearchFilter
FNDA:0,(anonymous_1)
FNDA:0,(anonymous_2)
FNDA:0,(anonymous_3)
FNDA:0,(anonymous_4)
FNDA:0,(anonymous_5)
FNDA:0,(anonymous_6)
FNDA:0,(anonymous_7)
FNDA:0,(anonymous_8)
FNDA:0,(anonymous_9)
FNDA:0,(anonymous_10)
FNDA:0,(anonymous_11)
FNDA:0,(anonymous_12)
FNDA:0,(anonymous_13)
FNDA:0,(anonymous_14)
FNDA:0,(anonymous_15)
FNDA:0,(anonymous_16)
FNDA:0,(anonymous_17)
FNDA:0,(anonymous_18)
FNDA:0,(anonymous_19)
FNDA:0,(anonymous_20)
FNDA:0,(anonymous_21)
FNDA:0,(anonymous_22)
FNDA:0,(anonymous_23)
FNDA:0,(anonymous_24)
FNDA:0,(anonymous_25)
FNDA:0,(anonymous_26)
FNDA:0,(anonymous_27)
FNDA:0,(anonymous_28)
FNDA:0,(anonymous_29)
FNDA:0,(anonymous_30)
FNDA:0,(anonymous_31)
FNDA:0,(anonymous_32)
FNDA:0,(anonymous_33)
FNDA:0,(anonymous_34)
FNDA:0,(anonymous_35)
FNDA:0,(anonymous_36)
FNDA:0,(anonymous_37)
FNDA:0,(anonymous_38)
FNDA:0,(anonymous_39)
FNDA:0,(anonymous_40)
FNDA:0,(anonymous_41)
FNDA:0,(anonymous_42)
FNDA:0,(anonymous_43)
FNDA:0,(anonymous_44)
DA:16,0
DA:18,0
DA:19,0
DA:20,0
DA:21,0
DA:22,0
DA:23,0
DA:24,0
DA:25,0
DA:27,0
DA:32,0
DA:42,0
DA:43,0
DA:44,0
DA:45,0
DA:46,0
DA:55,0
DA:56,0
DA:58,0
DA:59,0
DA:61,0
DA:62,0
DA:63,0
DA:65,0
DA:79,0
DA:82,0
DA:84,0
DA:88,0
DA:92,0
DA:93,0
DA:94,0
DA:95,0
DA:96,0
DA:97,0
DA:98,0
DA:102,0
DA:103,0
DA:104,0
DA:108,0
DA:109,0
DA:112,0
DA:113,0
DA:114,0
DA:115,0
DA:125,0
DA:127,0
DA:128,0
DA:130,0
DA:131,0
DA:135,0
DA:136,0
DA:137,0
DA:139,0
DA:140,0
DA:141,0
DA:143,0
DA:144,0
DA:146,0
DA:147,0
DA:148,0
DA:151,0
DA:155,0
DA:156,0
DA:157,0
DA:158,0
DA:159,0
DA:162,0
DA:163,0
DA:164,0
DA:168,0
DA:175,0
DA:176,0
DA:177,0
DA:178,0
DA:180,0
DA:182,0
DA:184,0
DA:192,0
DA:193,0
DA:194,0
DA:195,0
DA:196,0
DA:200,0
DA:204,0
DA:205,0
DA:206,0
DA:211,0
DA:212,0
DA:215,0
DA:216,0
DA:219,0
DA:220,0
DA:226,0
DA:227,0
DA:228,0
DA:229,0
DA:231,0
DA:236,0
DA:237,0
DA:238,0
DA:242,0
DA:243,0
DA:248,0
DA:249,0
DA:254,0
DA:255,0
DA:260,0
DA:282,0
DA:304,0
DA:310,0
DA:324,0
DA:330,0
DA:355,0
DA:361,0
DA:377,0
DA:394,0
DA:395,0
DA:408,0
DA:412,0
DA:413,0
DA:467,0
DA:468,0
DA:511,0
DA:565,0
LF:124
LH:0
BRDA:27,0,0,0
BRDA:27,0,1,0
BRDA:27,0,2,0
BRDA:27,0,3,0
BRDA:55,1,0,0
BRDA:55,1,1,0
BRDA:67,2,0,0
BRDA:67,2,1,0
BRDA:75,3,0,0
BRDA:75,3,1,0
BRDA:95,4,0,0
BRDA:95,4,1,0
BRDA:97,5,0,0
BRDA:97,5,1,0
BRDA:112,6,0,0
BRDA:112,6,1,0
BRDA:116,7,0,0
BRDA:116,7,1,0
BRDA:116,7,2,0
BRDA:116,7,3,0
BRDA:125,8,0,0
BRDA:125,8,1,0
BRDA:135,9,0,0
BRDA:135,9,1,0
BRDA:137,10,0,0
BRDA:137,10,1,0
BRDA:144,11,0,0
BRDA:144,11,1,0
BRDA:144,11,2,0
BRDA:144,11,3,0
BRDA:144,11,4,0
BRDA:148,12,0,0
BRDA:148,12,1,0
BRDA:151,13,0,0
BRDA:151,13,1,0
BRDA:159,14,0,0
BRDA:159,14,1,0
BRDA:162,15,0,0
BRDA:162,15,1,0
BRDA:163,16,0,0
BRDA:163,16,1,0
BRDA:164,17,0,0
BRDA:164,17,1,0
BRDA:175,18,0,0
BRDA:175,18,1,0
BRDA:178,19,0,0
BRDA:178,19,1,0
BRDA:178,19,2,0
BRDA:192,20,0,0
BRDA:192,20,1,0
BRDA:194,21,0,0
BRDA:194,21,1,0
BRDA:228,22,0,0
BRDA:228,22,1,0
BRDA:288,23,0,0
BRDA:288,23,1,0
BRDA:308,24,0,0
BRDA:308,24,1,0
BRDA:315,25,0,0
BRDA:315,25,1,0
BRDA:328,26,0,0
BRDA:328,26,1,0
BRDA:335,27,0,0
BRDA:335,27,1,0
BRDA:345,28,0,0
BRDA:345,28,1,0
BRDA:348,29,0,0
BRDA:348,29,1,0
BRDA:359,30,0,0
BRDA:359,30,1,0
BRDA:361,31,0,0
BRDA:361,31,1,0
BRDA:366,32,0,0
BRDA:366,32,1,0
BRDA:381,33,0,0
BRDA:381,33,1,0
BRDA:384,34,0,0
BRDA:384,34,1,0
BRDA:389,35,0,0
BRDA:389,35,1,0
BRDA:401,36,0,0
BRDA:401,36,1,0
BRDA:405,37,0,0
BRDA:405,37,1,0
BRDA:419,38,0,0
BRDA:419,38,1,0
BRDA:423,39,0,0
BRDA:423,39,1,0
BRDA:434,40,0,0
BRDA:434,40,1,0
BRDA:434,40,2,0
BRDA:457,41,0,0
BRDA:457,41,1,0
BRDA:457,42,0,0
BRDA:457,42,1,0
BRDA:459,43,0,0
BRDA:459,43,1,0
BRDA:464,44,0,0
BRDA:464,44,1,0
BRDA:491,45,0,0
BRDA:491,45,1,0
BRDA:498,46,0,0
BRDA:498,46,1,0
BRDA:515,47,0,0
BRDA:515,47,1,0
BRDA:518,48,0,0
BRDA:518,48,1,0
BRDA:534,49,0,0
BRDA:534,49,1,0
BRDA:537,50,0,0
BRDA:537,50,1,0
BRDA:545,51,0,0
BRDA:545,51,1,0
BRDA:553,52,0,0
BRDA:553,52,1,0
BRDA:554,53,0,0
BRDA:554,53,1,0
BRF:117
BRH:0
end_of_record
TN:
SF:app/(tabs)/_layout.jsx
FN:7,Layout
FN:15,(anonymous_1)
FN:25,(anonymous_2)
FNF:3
FNH:0
FNDA:0,Layout
FNDA:0,(anonymous_1)
FNDA:0,(anonymous_2)
DA:8,0
DA:9,0
DA:11,0
DA:12,0
DA:13,0
DA:15,0
DA:25,0
DA:27,0
LF:8
LH:0
BRDA:9,0,0,0
BRDA:9,0,1,0
BRDA:19,1,0,0
BRDA:19,1,1,0
BRDA:25,2,0,0
BRDA:25,2,1,0
BRF:6
BRH:0
end_of_record
TN:
SF:redux/store.js
FN:24,(anonymous_0)
FNF:1
FNH:0
FNDA:0,(anonymous_0)
DA:7,0
DA:12,0
DA:19,0
DA:22,0
DA:25,0
DA:31,0
LF:6
LH:0
BRF:0
BRH:0
end_of_record
TN:
SF:redux/user/userSlice.js
FN:16,(anonymous_0)
FN:20,(anonymous_1)
FN:26,(anonymous_2)
FN:31,(anonymous_3)
FN:35,(anonymous_4)
FN:41,(anonymous_5)
FN:46,(anonymous_6)
FN:50,(anonymous_7)
FN:56,(anonymous_8)
FNF:9
FNH:9
FNDA:2,(anonymous_0)
FNDA:2,(anonymous_1)
FNDA:2,(anonymous_2)
FNDA:2,(anonymous_3)
FNDA:2,(anonymous_4)
FNDA:2,(anonymous_5)
FNDA:1,(anonymous_6)
FNDA:3,(anonymous_7)
FNDA:1,(anonymous_8)
DA:4,1
DA:11,1
DA:17,2
DA:21,2
DA:22,2
DA:23,2
DA:27,2
DA:28,2
DA:32,2
DA:36,2
DA:37,2
DA:38,2
DA:42,2
DA:43,2
DA:47,1
DA:51,3
DA:52,3
DA:53,3
DA:57,1
DA:58,1
DA:74,1
LF:21
LH:21
BRF:0
BRH:0
end_of_record
